<?xml version="1.0" encoding="UTF-8"?>
<testsuite name="com.books.authors.IntegrationServiceTest" tests="1" skipped="0" failures="1" errors="0" timestamp="2025-11-12T11:58:45" hostname="aplotnikova" time="0.714">
  <properties/>
  <testcase name="testCreateBookWithAuthorAndRole()" classname="com.books.authors.IntegrationServiceTest" time="0.714">
    <failure message="java.lang.AssertionError: expectation &quot;expectNextMatches&quot; failed (expected: onNext(); actual: onError(io.r2dbc.postgresql.ExceptionFactory$PostgresqlBadGrammarException: [42701] column &quot;book_id&quot; specified more than once))" type="java.lang.AssertionError">java.lang.AssertionError: expectation &quot;expectNextMatches&quot; failed (expected: onNext(); actual: onError(io.r2dbc.postgresql.ExceptionFactory$PostgresqlBadGrammarException: [42701] column &quot;book_id&quot; specified more than once))
	at reactor.test.MessageFormatter.assertionError(MessageFormatter.java:115)
	at reactor.test.MessageFormatter.failPrefix(MessageFormatter.java:104)
	at reactor.test.MessageFormatter.fail(MessageFormatter.java:73)
	at reactor.test.MessageFormatter.failOptional(MessageFormatter.java:88)
	at reactor.test.DefaultStepVerifierBuilder.lambda$expectNextMatches$11(DefaultStepVerifierBuilder.java:556)
	at reactor.test.DefaultStepVerifierBuilder$SignalEvent.test(DefaultStepVerifierBuilder.java:2289)
	at reactor.test.DefaultStepVerifierBuilder$DefaultVerifySubscriber.onSignal(DefaultStepVerifierBuilder.java:1529)
	at reactor.test.DefaultStepVerifierBuilder$DefaultVerifySubscriber.onExpectation(DefaultStepVerifierBuilder.java:1477)
	at reactor.test.DefaultStepVerifierBuilder$DefaultVerifySubscriber.onError(DefaultStepVerifierBuilder.java:1129)
	at reactor.core.publisher.MonoFlatMap$FlatMapMain.secondError(MonoFlatMap.java:241)
	at reactor.core.publisher.MonoFlatMap$FlatMapInner.onError(MonoFlatMap.java:315)
	at reactor.core.publisher.MonoIgnoreThen$ThenIgnoreMain.onError(MonoIgnoreThen.java:280)
	at reactor.core.publisher.MonoFlatMap$FlatMapMain.onError(MonoFlatMap.java:180)
	at reactor.core.publisher.MonoNext$NextSubscriber.onError(MonoNext.java:93)
	at reactor.core.publisher.FluxMap$MapSubscriber.onError(FluxMap.java:134)
	at reactor.core.publisher.MonoUsingWhen$MonoUsingWhenSubscriber.deferredError(MonoUsingWhen.java:277)
	at reactor.core.publisher.FluxUsingWhen$RollbackInner.onComplete(FluxUsingWhen.java:480)
	at reactor.core.publisher.MonoFlatMap$FlatMapMain.secondComplete(MonoFlatMap.java:250)
	at reactor.core.publisher.MonoFlatMap$FlatMapInner.onComplete(MonoFlatMap.java:324)
	at reactor.core.publisher.MonoFlatMap$FlatMapMain.secondComplete(MonoFlatMap.java:250)
	at reactor.core.publisher.MonoFlatMap$FlatMapInner.onComplete(MonoFlatMap.java:324)
	at reactor.core.publisher.MonoFlatMap$FlatMapMain.onNext(MonoFlatMap.java:155)
	at reactor.core.publisher.FluxSwitchIfEmpty$SwitchIfEmptySubscriber.onNext(FluxSwitchIfEmpty.java:74)
	at reactor.core.publisher.Operators$ScalarSubscription.request(Operators.java:2570)
	at reactor.core.publisher.Operators$MultiSubscriptionSubscriber.set(Operators.java:2366)
	at reactor.core.publisher.Operators$MultiSubscriptionSubscriber.onSubscribe(Operators.java:2240)
	at reactor.core.publisher.MonoJust.subscribe(MonoJust.java:55)
	at reactor.core.publisher.Mono.subscribe(Mono.java:4576)
	at reactor.core.publisher.FluxSwitchIfEmpty$SwitchIfEmptySubscriber.onComplete(FluxSwitchIfEmpty.java:82)
	at reactor.core.publisher.Operators$MultiSubscriptionSubscriber.onComplete(Operators.java:2230)
	at reactor.core.publisher.FluxMap$MapSubscriber.onComplete(FluxMap.java:144)
	at reactor.core.publisher.MonoIgnoreThen$ThenIgnoreMain.onComplete(MonoIgnoreThen.java:210)
	at reactor.core.publisher.MonoIgnoreThen$ThenIgnoreMain.subscribeNext(MonoIgnoreThen.java:239)
	at reactor.core.publisher.MonoIgnoreThen$ThenIgnoreMain.onComplete(MonoIgnoreThen.java:204)
	at reactor.core.publisher.FluxPeek$PeekSubscriber.onComplete(FluxPeek.java:260)
	at reactor.core.publisher.MonoIgnoreThen$ThenIgnoreMain.onComplete(MonoIgnoreThen.java:210)
	at reactor.core.publisher.Operators.complete(Operators.java:137)
	at reactor.netty.FutureMono.doSubscribe(FutureMono.java:122)
	at reactor.netty.FutureMono$ImmediateFutureMono.subscribe(FutureMono.java:83)
	at reactor.core.publisher.MonoIgnoreThen$ThenIgnoreMain.subscribeNext(MonoIgnoreThen.java:241)
	at reactor.core.publisher.MonoIgnoreThen$ThenIgnoreMain.onComplete(MonoIgnoreThen.java:204)
	at reactor.core.publisher.MonoPeekTerminal$MonoTerminalPeekSubscriber.onComplete(MonoPeekTerminal.java:299)
	at reactor.core.publisher.MonoIgnoreElements$IgnoreElementsSubscriber.onComplete(MonoIgnoreElements.java:89)
	at reactor.core.publisher.FluxConcatMapNoPrefetch$FluxConcatMapNoPrefetchSubscriber.onComplete(FluxConcatMapNoPrefetch.java:241)
	at reactor.core.publisher.FluxPeekFuseable$PeekFuseableSubscriber.onComplete(FluxPeekFuseable.java:277)
	at reactor.core.publisher.Operators$ScalarSubscription.request(Operators.java:2572)
	at reactor.core.publisher.FluxPeekFuseable$PeekFuseableSubscriber.request(FluxPeekFuseable.java:144)
	at reactor.core.publisher.FluxConcatMapNoPrefetch$FluxConcatMapNoPrefetchSubscriber.request(FluxConcatMapNoPrefetch.java:337)
	at reactor.core.publisher.MonoIgnoreElements$IgnoreElementsSubscriber.onSubscribe(MonoIgnoreElements.java:72)
	at reactor.core.publisher.FluxConcatMapNoPrefetch$FluxConcatMapNoPrefetchSubscriber.onSubscribe(FluxConcatMapNoPrefetch.java:164)
	at reactor.core.publisher.FluxPeekFuseable$PeekFuseableSubscriber.onSubscribe(FluxPeekFuseable.java:178)
	at reactor.core.publisher.FluxJust.subscribe(FluxJust.java:68)
	at reactor.core.publisher.Mono.subscribe(Mono.java:4576)
	at reactor.core.publisher.MonoIgnoreThen$ThenIgnoreMain.subscribeNext(MonoIgnoreThen.java:265)
	at reactor.core.publisher.MonoIgnoreThen.subscribe(MonoIgnoreThen.java:51)
	at reactor.core.publisher.MonoDefer.subscribe(MonoDefer.java:53)
	at reactor.core.publisher.Mono.subscribe(Mono.java:4576)
	at reactor.core.publisher.MonoIgnoreThen$ThenIgnoreMain.subscribeNext(MonoIgnoreThen.java:265)
	at reactor.core.publisher.MonoIgnoreThen.subscribe(MonoIgnoreThen.java:51)
	at reactor.core.publisher.InternalMonoOperator.subscribe(InternalMonoOperator.java:76)
	at reactor.core.publisher.MonoFlatMap$FlatMapMain.onNext(MonoFlatMap.java:165)
	at reactor.core.publisher.FluxSwitchIfEmpty$SwitchIfEmptySubscriber.onNext(FluxSwitchIfEmpty.java:74)
	at reactor.core.publisher.Operators$ScalarSubscription.request(Operators.java:2570)
	at reactor.core.publisher.Operators$MultiSubscriptionSubscriber.set(Operators.java:2366)
	at reactor.core.publisher.Operators$MultiSubscriptionSubscriber.onSubscribe(Operators.java:2240)
	at reactor.core.publisher.MonoJust.subscribe(MonoJust.java:55)
	at reactor.core.publisher.Mono.subscribe(Mono.java:4576)
	at reactor.core.publisher.FluxSwitchIfEmpty$SwitchIfEmptySubscriber.onComplete(FluxSwitchIfEmpty.java:82)
	at reactor.core.publisher.Operators$MultiSubscriptionSubscriber.onComplete(Operators.java:2230)
	at reactor.core.publisher.FluxMap$MapSubscriber.onComplete(FluxMap.java:144)
	at reactor.core.publisher.Operators.complete(Operators.java:137)
	at reactor.core.publisher.MonoEmpty.subscribe(MonoEmpty.java:46)
	at reactor.core.publisher.InternalMonoOperator.subscribe(InternalMonoOperator.java:76)
	at reactor.core.publisher.MonoFlatMap$FlatMapMain.onNext(MonoFlatMap.java:165)
	at reactor.core.publisher.FluxSwitchIfEmpty$SwitchIfEmptySubscriber.onNext(FluxSwitchIfEmpty.java:74)
	at reactor.core.publisher.Operators$ScalarSubscription.request(Operators.java:2570)
	at reactor.core.publisher.Operators$MultiSubscriptionSubscriber.set(Operators.java:2366)
	at reactor.core.publisher.Operators$MultiSubscriptionSubscriber.onSubscribe(Operators.java:2240)
	at reactor.core.publisher.MonoJust.subscribe(MonoJust.java:55)
	at reactor.core.publisher.Mono.subscribe(Mono.java:4576)
	at reactor.core.publisher.FluxSwitchIfEmpty$SwitchIfEmptySubscriber.onComplete(FluxSwitchIfEmpty.java:82)
	at reactor.core.publisher.Operators$MultiSubscriptionSubscriber.onComplete(Operators.java:2230)
	at reactor.core.publisher.FluxMap$MapSubscriber.onComplete(FluxMap.java:144)
	at reactor.core.publisher.Operators.complete(Operators.java:137)
	at reactor.core.publisher.MonoEmpty.subscribe(MonoEmpty.java:46)
	at reactor.core.publisher.Mono.subscribe(Mono.java:4576)
	at reactor.core.publisher.FluxUsingWhen$UsingWhenSubscriber.onError(FluxUsingWhen.java:368)
	at reactor.core.publisher.FluxContextWrite$ContextWriteSubscriber.onError(FluxContextWrite.java:121)
	at reactor.core.publisher.FluxMapFuseable$MapFuseableConditionalSubscriber.onError(FluxMapFuseable.java:340)
	at reactor.core.publisher.FluxFilterFuseable$FilterFuseableConditionalSubscriber.onError(FluxFilterFuseable.java:382)
	at reactor.core.publisher.MonoFlatMap$FlatMapMain.secondError(MonoFlatMap.java:241)
	at reactor.core.publisher.MonoFlatMap$FlatMapInner.onError(MonoFlatMap.java:315)
	at reactor.core.publisher.FluxMapFuseable$MapFuseableSubscriber.onError(FluxMapFuseable.java:142)
	at reactor.core.publisher.MonoFlatMap$FlatMapMain.onError(MonoFlatMap.java:180)
	at reactor.core.publisher.MonoCollectList$MonoCollectListSubscriber.onError(MonoCollectList.java:108)
	at reactor.core.publisher.FluxOnErrorResume$ResumeSubscriber.onError(FluxOnErrorResume.java:106)
	at reactor.core.publisher.Operators.error(Operators.java:198)
	at reactor.core.publisher.MonoError.subscribe(MonoError.java:53)
	at reactor.core.publisher.Mono.subscribe(Mono.java:4576)
	at reactor.core.publisher.FluxOnErrorResume$ResumeSubscriber.onError(FluxOnErrorResume.java:103)
	at reactor.core.publisher.FluxMap$MapSubscriber.onError(FluxMap.java:134)
	at reactor.core.publisher.FluxFlatMap$FlatMapMain.checkTerminated(FluxFlatMap.java:846)
	at reactor.core.publisher.FluxFlatMap$FlatMapMain.drainLoop(FluxFlatMap.java:612)
	at reactor.core.publisher.FluxFlatMap$FlatMapMain.drain(FluxFlatMap.java:592)
	at reactor.core.publisher.FluxFlatMap$FlatMapMain.innerError(FluxFlatMap.java:867)
	at reactor.core.publisher.FluxFlatMap$FlatMapInner.onError(FluxFlatMap.java:994)
	at reactor.core.publisher.FluxHandleFuseable$HandleFuseableSubscriber.onError(FluxHandleFuseable.java:229)
	at reactor.core.publisher.MonoCollectList$MonoCollectListSubscriber.onError(MonoCollectList.java:108)
	at reactor.core.publisher.FluxHandle$HandleSubscriber.onError(FluxHandle.java:213)
	at reactor.core.publisher.MonoFlatMapMany$FlatMapManyInner.onError(MonoFlatMapMany.java:256)
	at reactor.core.publisher.FluxHandleFuseable$HandleFuseableSubscriber.onNext(FluxHandleFuseable.java:201)
	at reactor.core.publisher.FluxFilterFuseable$FilterFuseableConditionalSubscriber.onNext(FluxFilterFuseable.java:337)
	at reactor.core.publisher.FluxContextWrite$ContextWriteSubscriber.onNext(FluxContextWrite.java:107)
	at reactor.core.publisher.FluxPeekFuseable$PeekConditionalSubscriber.onNext(FluxPeekFuseable.java:854)
	at reactor.core.publisher.FluxPeekFuseable$PeekConditionalSubscriber.onNext(FluxPeekFuseable.java:854)
	at io.r2dbc.postgresql.util.FluxDiscardOnCancel$FluxDiscardOnCancelSubscriber.onNext(FluxDiscardOnCancel.java:91)
	at reactor.core.publisher.FluxDoFinally$DoFinallySubscriber.onNext(FluxDoFinally.java:113)
	at reactor.core.publisher.FluxHandle$HandleSubscriber.onNext(FluxHandle.java:129)
	at reactor.core.publisher.FluxCreate$BufferAsyncSink.drain(FluxCreate.java:880)
	at reactor.core.publisher.FluxCreate$BufferAsyncSink.next(FluxCreate.java:805)
	at reactor.core.publisher.FluxCreate$SerializedFluxSink.next(FluxCreate.java:163)
	at io.r2dbc.postgresql.client.ReactorNettyClient$Conversation.emit(ReactorNettyClient.java:696)
	at io.r2dbc.postgresql.client.ReactorNettyClient$BackendMessageSubscriber.emit(ReactorNettyClient.java:948)
	at io.r2dbc.postgresql.client.ReactorNettyClient$BackendMessageSubscriber.onNext(ReactorNettyClient.java:822)
	at io.r2dbc.postgresql.client.ReactorNettyClient$BackendMessageSubscriber.onNext(ReactorNettyClient.java:728)
	at reactor.core.publisher.FluxHandle$HandleSubscriber.onNext(FluxHandle.java:129)
	at reactor.core.publisher.FluxPeekFuseable$PeekConditionalSubscriber.onNext(FluxPeekFuseable.java:854)
	at reactor.core.publisher.FluxMap$MapConditionalSubscriber.onNext(FluxMap.java:224)
	at reactor.core.publisher.FluxMap$MapConditionalSubscriber.onNext(FluxMap.java:224)
	at reactor.netty.channel.FluxReceive.drainReceiver(FluxReceive.java:292)
	at reactor.netty.channel.FluxReceive.onInboundNext(FluxReceive.java:401)
	at reactor.netty.channel.ChannelOperations.onInboundNext(ChannelOperations.java:435)
	at reactor.netty.channel.ChannelOperationsHandler.channelRead(ChannelOperationsHandler.java:115)
	at io.netty.channel.AbstractChannelHandlerContext.fireChannelRead(AbstractChannelHandlerContext.java:356)
	at io.netty.handler.codec.ByteToMessageDecoder.fireChannelRead(ByteToMessageDecoder.java:346)
	at io.netty.handler.codec.ByteToMessageDecoder.fireChannelRead(ByteToMessageDecoder.java:333)
	at io.netty.handler.codec.ByteToMessageDecoder.callDecode(ByteToMessageDecoder.java:455)
	at io.netty.handler.codec.ByteToMessageDecoder.channelRead(ByteToMessageDecoder.java:290)
	at io.netty.channel.AbstractChannelHandlerContext.fireChannelRead(AbstractChannelHandlerContext.java:356)
	at io.netty.channel.DefaultChannelPipeline$HeadContext.channelRead(DefaultChannelPipeline.java:1429)
	at io.netty.channel.DefaultChannelPipeline.fireChannelRead(DefaultChannelPipeline.java:918)
	at io.netty.channel.epoll.AbstractEpollStreamChannel$EpollStreamUnsafe.epollInReady(AbstractEpollStreamChannel.java:793)
	at io.netty.channel.epoll.AbstractEpollChannel$AbstractEpollUnsafe.handle(AbstractEpollChannel.java:482)
	at io.netty.channel.epoll.EpollIoHandler$DefaultEpollIoRegistration.handle(EpollIoHandler.java:307)
	at io.netty.channel.epoll.EpollIoHandler.processReady(EpollIoHandler.java:489)
	at io.netty.channel.epoll.EpollIoHandler.run(EpollIoHandler.java:444)
	at io.netty.channel.SingleThreadIoEventLoop.runIo(SingleThreadIoEventLoop.java:207)
	at io.netty.channel.SingleThreadIoEventLoop.run(SingleThreadIoEventLoop.java:178)
	at io.netty.util.concurrent.SingleThreadEventExecutor$5.run(SingleThreadEventExecutor.java:1073)
	at io.netty.util.internal.ThreadExecutorMap$2.run(ThreadExecutorMap.java:74)
	at io.netty.util.concurrent.FastThreadLocalRunnable.run(FastThreadLocalRunnable.java:30)
	at java.base/java.lang.Thread.run(Thread.java:1583)
	Suppressed: io.r2dbc.postgresql.ExceptionFactory$PostgresqlBadGrammarException: [42701] column &quot;book_id&quot; specified more than once
		at app//io.r2dbc.postgresql.ExceptionFactory.createException(ExceptionFactory.java:96)
		at app//io.r2dbc.postgresql.ExceptionFactory.createException(ExceptionFactory.java:65)
		at app//io.r2dbc.postgresql.ExceptionFactory.handleErrorResponse(ExceptionFactory.java:132)
		at app//reactor.core.publisher.FluxHandleFuseable$HandleFuseableSubscriber.onNext(FluxHandleFuseable.java:179)
		... 41 more
</failure>
  </testcase>
  <system-out><![CDATA[14:58:41.339 [Test worker] DEBUG org.testcontainers.utility.TestcontainersConfiguration -- Testcontainers configuration overrides will be loaded from file:/home/alexandra-plotnikova/.testcontainers.properties
14:58:41.347 [Test worker] INFO org.testcontainers.images.PullPolicy -- Image pull policy will be performed by: DefaultPullPolicy()
14:58:41.349 [Test worker] INFO org.testcontainers.utility.ImageNameSubstitutor -- Image name substitution will be performed by: DefaultImageNameSubstitutor (composite of 'ConfigurationFileImageNameSubstitutor' and 'PrefixingImageNameSubstitutor')
14:58:41.370 [Test worker] INFO org.testcontainers.DockerClientFactory -- Testcontainers version: 1.20.6
14:58:41.548 [Test worker] INFO org.testcontainers.dockerclient.DockerClientProviderStrategy -- Loaded org.testcontainers.dockerclient.UnixSocketClientProviderStrategy from ~/.testcontainers.properties, will try it first
14:58:41.550 [Test worker] DEBUG org.testcontainers.dockerclient.DockerClientProviderStrategy -- Trying out strategy: EnvironmentAndSystemPropertyClientProviderStrategy
14:58:41.564 [Test worker] WARN org.testcontainers.dockerclient.DockerClientProviderStrategy -- DOCKER_HOST tcp://172.17.0.1:2375 is not listening
java.net.ConnectException: В соединении отказано
	at java.base/sun.nio.ch.Net.connect0(Native Method)
	at java.base/sun.nio.ch.Net.connect(Net.java:589)
	at java.base/sun.nio.ch.Net.connect(Net.java:578)
	at java.base/sun.nio.ch.NioSocketImpl.connect(NioSocketImpl.java:583)
	at java.base/java.net.SocksSocketImpl.connect(SocksSocketImpl.java:327)
	at java.base/java.net.Socket.connect(Socket.java:751)
	at java.base/java.net.Socket.connect(Socket.java:686)
	at org.testcontainers.dockerclient.DockerClientProviderStrategy.lambda$test$3(DockerClientProviderStrategy.java:214)
	at org.testcontainers.shaded.org.awaitility.core.AssertionCondition.lambda$new$0(AssertionCondition.java:53)
	at org.testcontainers.shaded.org.awaitility.core.ConditionAwaiter$ConditionPoller.call(ConditionAwaiter.java:248)
	at org.testcontainers.shaded.org.awaitility.core.ConditionAwaiter$ConditionPoller.call(ConditionAwaiter.java:235)
	at java.base/java.util.concurrent.FutureTask.run(FutureTask.java:317)
	at java.base/java.util.concurrent.ThreadPoolExecutor.runWorker(ThreadPoolExecutor.java:1144)
	at java.base/java.util.concurrent.ThreadPoolExecutor$Worker.run(ThreadPoolExecutor.java:642)
	at java.base/java.lang.Thread.run(Thread.java:1583)
14:58:41.566 [Test worker] DEBUG org.testcontainers.dockerclient.DockerClientProviderStrategy -- strategy EnvironmentAndSystemPropertyClientProviderStrategy did not pass the test
14:58:41.569 [Test worker] DEBUG org.testcontainers.dockerclient.DockerClientProviderStrategy -- Trying out strategy: UnixSocketClientProviderStrategy
14:58:41.644 [Test worker] DEBUG org.testcontainers.shaded.com.github.dockerjava.core.command.AbstrDockerCmd -- Cmd: 
14:58:41.664 [Test worker] DEBUG com.github.dockerjava.zerodep.shaded.org.apache.hc.client5.http.impl.classic.InternalHttpClient -- ex-00000001: preparing request execution
14:58:41.667 [Test worker] DEBUG com.github.dockerjava.zerodep.shaded.org.apache.hc.client5.http.protocol.RequestAddCookies -- Cookie spec selected: strict
14:58:41.670 [Test worker] DEBUG com.github.dockerjava.zerodep.shaded.org.apache.hc.client5.http.protocol.RequestAuthCache -- Auth cache not set in the context
14:58:41.670 [Test worker] DEBUG com.github.dockerjava.zerodep.shaded.org.apache.hc.client5.http.impl.classic.ProtocolExec -- ex-00000001: target auth state: UNCHALLENGED
14:58:41.671 [Test worker] DEBUG com.github.dockerjava.zerodep.shaded.org.apache.hc.client5.http.impl.classic.ProtocolExec -- ex-00000001: proxy auth state: UNCHALLENGED
14:58:41.671 [Test worker] DEBUG com.github.dockerjava.zerodep.shaded.org.apache.hc.client5.http.impl.classic.ConnectExec -- ex-00000001: acquiring connection with route {}->unix://localhost:2375
14:58:41.671 [Test worker] DEBUG com.github.dockerjava.zerodep.shaded.org.apache.hc.client5.http.impl.classic.InternalHttpClient -- ex-00000001: acquiring endpoint (3 MINUTES)
14:58:41.672 [Test worker] DEBUG com.github.dockerjava.zerodep.shaded.org.apache.hc.client5.http.impl.io.PoolingHttpClientConnectionManager -- ex-00000001: endpoint lease request (3 MINUTES) [route: {}->unix://localhost:2375][total available: 0; route allocated: 0 of 2147483647; total allocated: 0 of 2147483647]
14:58:41.675 [Test worker] DEBUG com.github.dockerjava.zerodep.shaded.org.apache.hc.client5.http.impl.io.PoolingHttpClientConnectionManager -- ex-00000001: endpoint leased [route: {}->unix://localhost:2375][total available: 0; route allocated: 1 of 2147483647; total allocated: 1 of 2147483647]
14:58:41.681 [Test worker] DEBUG com.github.dockerjava.zerodep.shaded.org.apache.hc.client5.http.impl.io.PoolingHttpClientConnectionManager -- ex-00000001: acquired ep-00000000
14:58:41.681 [Test worker] DEBUG com.github.dockerjava.zerodep.shaded.org.apache.hc.client5.http.impl.classic.InternalHttpClient -- ex-00000001: acquired endpoint ep-00000000
14:58:41.681 [Test worker] DEBUG com.github.dockerjava.zerodep.shaded.org.apache.hc.client5.http.impl.classic.ConnectExec -- ex-00000001: opening connection {}->unix://localhost:2375
14:58:41.682 [Test worker] DEBUG com.github.dockerjava.zerodep.shaded.org.apache.hc.client5.http.impl.classic.InternalHttpClient -- ep-00000000: connecting endpoint (3 MINUTES)
14:58:41.682 [Test worker] DEBUG com.github.dockerjava.zerodep.shaded.org.apache.hc.client5.http.impl.io.PoolingHttpClientConnectionManager -- ep-00000000: connecting endpoint to unix://localhost:2375 (3 MINUTES)
14:58:41.684 [Test worker] DEBUG com.github.dockerjava.zerodep.shaded.org.apache.hc.client5.http.impl.io.DefaultHttpClientConnectionOperator -- http-outgoing-0: connecting to localhost/127.0.0.1:2375
14:58:41.684 [Test worker] DEBUG com.github.dockerjava.zerodep.shaded.org.apache.hc.client5.http.impl.io.DefaultHttpClientConnectionOperator -- http-outgoing-0: connection established /var/run/docker.sock<->/var/run/docker.sock
14:58:41.685 [Test worker] DEBUG com.github.dockerjava.zerodep.shaded.org.apache.hc.client5.http.impl.io.PoolingHttpClientConnectionManager -- ep-00000000: connected http-outgoing-0
14:58:41.686 [Test worker] DEBUG com.github.dockerjava.zerodep.shaded.org.apache.hc.client5.http.impl.classic.InternalHttpClient -- ep-00000000: endpoint connected
14:58:41.686 [Test worker] DEBUG com.github.dockerjava.zerodep.shaded.org.apache.hc.client5.http.impl.classic.MainClientExec -- ex-00000001: executing GET /v1.32/info HTTP/1.1
14:58:41.687 [Test worker] DEBUG com.github.dockerjava.zerodep.shaded.org.apache.hc.client5.http.impl.classic.InternalHttpClient -- ep-00000000: start execution ex-00000001
14:58:41.687 [Test worker] DEBUG com.github.dockerjava.zerodep.shaded.org.apache.hc.client5.http.impl.io.PoolingHttpClientConnectionManager -- ep-00000000: executing exchange ex-00000001 over http-outgoing-0
14:58:41.688 [Test worker] DEBUG com.github.dockerjava.zerodep.shaded.org.apache.hc.client5.http.headers -- http-outgoing-0 >> GET /v1.32/info HTTP/1.1
14:58:41.688 [Test worker] DEBUG com.github.dockerjava.zerodep.shaded.org.apache.hc.client5.http.headers -- http-outgoing-0 >> x-tc-sid: 9303d96d-ba46-4a86-918d-ea37ab3f1b6e
14:58:41.689 [Test worker] DEBUG com.github.dockerjava.zerodep.shaded.org.apache.hc.client5.http.headers -- http-outgoing-0 >> User-Agent: tc-java/1.20.6
14:58:41.689 [Test worker] DEBUG com.github.dockerjava.zerodep.shaded.org.apache.hc.client5.http.headers -- http-outgoing-0 >> Accept-Encoding: gzip, x-gzip, deflate
14:58:41.689 [Test worker] DEBUG com.github.dockerjava.zerodep.shaded.org.apache.hc.client5.http.headers -- http-outgoing-0 >> Host: localhost:2375
14:58:41.689 [Test worker] DEBUG com.github.dockerjava.zerodep.shaded.org.apache.hc.client5.http.headers -- http-outgoing-0 >> Connection: keep-alive
14:58:41.689 [Test worker] DEBUG com.github.dockerjava.zerodep.shaded.org.apache.hc.client5.http.wire -- http-outgoing-0 >> "GET /v1.32/info HTTP/1.1[\r][\n]"
14:58:41.689 [Test worker] DEBUG com.github.dockerjava.zerodep.shaded.org.apache.hc.client5.http.wire -- http-outgoing-0 >> "x-tc-sid: 9303d96d-ba46-4a86-918d-ea37ab3f1b6e[\r][\n]"
14:58:41.689 [Test worker] DEBUG com.github.dockerjava.zerodep.shaded.org.apache.hc.client5.http.wire -- http-outgoing-0 >> "User-Agent: tc-java/1.20.6[\r][\n]"
14:58:41.689 [Test worker] DEBUG com.github.dockerjava.zerodep.shaded.org.apache.hc.client5.http.wire -- http-outgoing-0 >> "Accept-Encoding: gzip, x-gzip, deflate[\r][\n]"
14:58:41.689 [Test worker] DEBUG com.github.dockerjava.zerodep.shaded.org.apache.hc.client5.http.wire -- http-outgoing-0 >> "Host: localhost:2375[\r][\n]"
14:58:41.689 [Test worker] DEBUG com.github.dockerjava.zerodep.shaded.org.apache.hc.client5.http.wire -- http-outgoing-0 >> "Connection: keep-alive[\r][\n]"
14:58:41.689 [Test worker] DEBUG com.github.dockerjava.zerodep.shaded.org.apache.hc.client5.http.wire -- http-outgoing-0 >> "[\r][\n]"
14:58:41.697 [Test worker] DEBUG com.github.dockerjava.zerodep.shaded.org.apache.hc.client5.http.wire -- http-outgoing-0 << "HTTP/1.1 200 OK[\r][\n]"
14:58:41.697 [Test worker] DEBUG com.github.dockerjava.zerodep.shaded.org.apache.hc.client5.http.wire -- http-outgoing-0 << "Api-Version: 1.51[\r][\n]"
14:58:41.697 [Test worker] DEBUG com.github.dockerjava.zerodep.shaded.org.apache.hc.client5.http.wire -- http-outgoing-0 << "Content-Type: application/json[\r][\n]"
14:58:41.697 [Test worker] DEBUG com.github.dockerjava.zerodep.shaded.org.apache.hc.client5.http.wire -- http-outgoing-0 << "Docker-Experimental: false[\r][\n]"
14:58:41.697 [Test worker] DEBUG com.github.dockerjava.zerodep.shaded.org.apache.hc.client5.http.wire -- http-outgoing-0 << "Ostype: linux[\r][\n]"
14:58:41.697 [Test worker] DEBUG com.github.dockerjava.zerodep.shaded.org.apache.hc.client5.http.wire -- http-outgoing-0 << "Server: Docker/28.4.0 (linux)[\r][\n]"
14:58:41.697 [Test worker] DEBUG com.github.dockerjava.zerodep.shaded.org.apache.hc.client5.http.wire -- http-outgoing-0 << "Date: Wed, 12 Nov 2025 11:58:41 GMT[\r][\n]"
14:58:41.697 [Test worker] DEBUG com.github.dockerjava.zerodep.shaded.org.apache.hc.client5.http.wire -- http-outgoing-0 << "Transfer-Encoding: chunked[\r][\n]"
14:58:41.698 [Test worker] DEBUG com.github.dockerjava.zerodep.shaded.org.apache.hc.client5.http.wire -- http-outgoing-0 << "[\r][\n]"
14:58:41.698 [Test worker] DEBUG com.github.dockerjava.zerodep.shaded.org.apache.hc.client5.http.wire -- http-outgoing-0 << "8e8[\r][\n]"
14:58:41.698 [Test worker] DEBUG com.github.dockerjava.zerodep.shaded.org.apache.hc.client5.http.wire -- http-outgoing-0 << "{"Architecture":"x86_64","BridgeNfIp6tables":false,"BridgeNfIptables":false,"CDISpecDirs":["/etc/cdi","/var/run/cdi"],"CPUSet":true,"CPUShares":true,"CgroupDriver":"systemd","CgroupVersion":"2","ContainerdCommit":{"Expected":"05044ec0a9a75232cad458027ca83437aae3f4da","ID":"05044ec0a9a75232cad458027ca83437aae3f4da"},"Containers":118,"ContainersPaused":0,"ContainersRunning":4,"ContainersStopped":114,"CpuCfsPeriod":true,"CpuCfsQuota":true,"Debug":false,"DefaultRuntime":"runc","DockerRootDir":"/var/lib/docker","Driver":"overlay2","DriverStatus":[["Backing Filesystem","extfs"],["Supports d_type","true"],["Using metacopy","false"],["Native Overlay Diff","true"],["userxattr","false"]],"ExperimentalBuild":false,"GenericResources":null,"HttpProxy":"","HttpsProxy":"","ID":"9ce69d96-8002-419c-b030-fff9016b502e","IPv4Forwarding":true,"Images":94,"IndexServerAddress":"https://index.docker.io/v1/","InitBinary":"docker-init","InitCommit":{"Expected":"de40ad0","ID":"de40ad0"},"Isolation":"","KernelVersion":"6.14.0-29-generic","Labels":[],"LiveRestoreEnabled":false,"LoggingDriver":"json-file","MemTotal":66713108480,"MemoryLimit":true,"NCPU":16,"NEventsListener":0,"NFd":66,"NGoroutines":78,"Name":"aplotnikova","NoProxy":"","OSType":"linux","OSVersion":"24.04","OomKillDisable":false,"OperatingSystem":"Ubuntu 24.04.3 LTS","PidsLimit":true,"Plugins":{"Authorization":null,"Log":["awslogs","fluentd","gcplogs","gelf","journald","json-file","local","splunk","syslog"],"Network":["bridge","host","ipvlan","macvlan","null","overlay"],"Volume":["local"]},"RegistryConfig":{"AllowNondistributableArtifactsCIDRs":null,"AllowNondistributableArtifactsHostnames":null,"IndexConfigs":{"docker.io":{"Mirrors":[],"Name":"docker.io","Official":true,"Secure":true}},"InsecureRegistryCIDRs":["::1/128","127.0.0.0/8"],"Mirrors":null},"RuncCommit":{"Expected":"v1.2.5-0-g59923ef","ID":"v1.2.5-0-g59923ef"},"Runtimes":{"io.containerd.runc.v2":{"path":"runc"},"runc":{"path":"runc"}},"SecurityOptions":["name=apparmor","name=seccomp,profile=builtin","name=cgroupns"],"ServerVersion":"28.4.0","SwapLimit":true,"Swarm":{"ControlAvailable":false,"Error":"","LocalNodeState":"inactive","NodeAddr":"","NodeID":"","RemoteManagers":null},"SystemTime":"2025-11-12T14:58:41.690186052+03:00","Warnings":null}[\n]"
14:58:41.698 [Test worker] DEBUG com.github.dockerjava.zerodep.shaded.org.apache.hc.client5.http.wire -- http-outgoing-0 << "[\r][\n]"
14:58:41.698 [Test worker] DEBUG com.github.dockerjava.zerodep.shaded.org.apache.hc.client5.http.wire -- http-outgoing-0 << "0[\r][\n]"
14:58:41.698 [Test worker] DEBUG com.github.dockerjava.zerodep.shaded.org.apache.hc.client5.http.wire -- http-outgoing-0 << "[\r][\n]"
14:58:41.700 [Test worker] DEBUG com.github.dockerjava.zerodep.shaded.org.apache.hc.client5.http.headers -- http-outgoing-0 << HTTP/1.1 200 OK
14:58:41.700 [Test worker] DEBUG com.github.dockerjava.zerodep.shaded.org.apache.hc.client5.http.headers -- http-outgoing-0 << Api-Version: 1.51
14:58:41.700 [Test worker] DEBUG com.github.dockerjava.zerodep.shaded.org.apache.hc.client5.http.headers -- http-outgoing-0 << Content-Type: application/json
14:58:41.700 [Test worker] DEBUG com.github.dockerjava.zerodep.shaded.org.apache.hc.client5.http.headers -- http-outgoing-0 << Docker-Experimental: false
14:58:41.701 [Test worker] DEBUG com.github.dockerjava.zerodep.shaded.org.apache.hc.client5.http.headers -- http-outgoing-0 << Ostype: linux
14:58:41.701 [Test worker] DEBUG com.github.dockerjava.zerodep.shaded.org.apache.hc.client5.http.headers -- http-outgoing-0 << Server: Docker/28.4.0 (linux)
14:58:41.701 [Test worker] DEBUG com.github.dockerjava.zerodep.shaded.org.apache.hc.client5.http.headers -- http-outgoing-0 << Date: Wed, 12 Nov 2025 11:58:41 GMT
14:58:41.701 [Test worker] DEBUG com.github.dockerjava.zerodep.shaded.org.apache.hc.client5.http.headers -- http-outgoing-0 << Transfer-Encoding: chunked
14:58:41.703 [Test worker] DEBUG com.github.dockerjava.zerodep.shaded.org.apache.hc.client5.http.impl.classic.MainClientExec -- ex-00000001: connection can be kept alive for 3 MINUTES
14:58:41.763 [Test worker] DEBUG com.github.dockerjava.zerodep.shaded.org.apache.hc.client5.http.impl.classic.InternalHttpClient -- ep-00000000: releasing valid endpoint
14:58:41.763 [Test worker] DEBUG com.github.dockerjava.zerodep.shaded.org.apache.hc.client5.http.impl.io.PoolingHttpClientConnectionManager -- ep-00000000: releasing endpoint
14:58:41.763 [Test worker] DEBUG com.github.dockerjava.zerodep.shaded.org.apache.hc.client5.http.impl.io.PoolingHttpClientConnectionManager -- ep-00000000: connection http-outgoing-0 can be kept alive for 3 MINUTES
14:58:41.764 [Test worker] DEBUG com.github.dockerjava.zerodep.shaded.org.apache.hc.client5.http.impl.io.PoolingHttpClientConnectionManager -- ep-00000000: connection released [route: {}->unix://localhost:2375][total available: 1; route allocated: 1 of 2147483647; total allocated: 1 of 2147483647]
14:58:41.765 [Test worker] INFO org.testcontainers.dockerclient.DockerClientProviderStrategy -- Found Docker environment with local Unix socket (unix:///var/run/docker.sock)
14:58:41.765 [Test worker] DEBUG org.testcontainers.dockerclient.DockerClientProviderStrategy -- Transport type: 'httpclient5', Docker host: 'unix:///var/run/docker.sock'
14:58:41.765 [Test worker] DEBUG org.testcontainers.dockerclient.DockerClientProviderStrategy -- Checking Docker OS type for local Unix socket (unix:///var/run/docker.sock)
14:58:41.767 [Test worker] INFO org.testcontainers.DockerClientFactory -- Docker host IP address is localhost
14:58:41.767 [Test worker] DEBUG org.testcontainers.DockerClientFactory -- Docker info: {CDISpecDirs=[/etc/cdi, /var/run/cdi], NGoroutines=78, Name=aplotnikova, Swarm={ControlAvailable=false, Error=, LocalNodeState=inactive, NodeAddr=, NodeID=, RemoteManagers=null}, RuncCommit={Expected=v1.2.5-0-g59923ef, ID=v1.2.5-0-g59923ef}, OSVersion=24.04, Runtimes={io.containerd.runc.v2={path=runc}, runc={path=runc}}, BridgeNfIptables=false, DriverStatus=[[Backing Filesystem, extfs], [Supports d_type, true], [Using metacopy, false], [Native Overlay Diff, true], [userxattr, false]], ID=9ce69d96-8002-419c-b030-fff9016b502e, LiveRestoreEnabled=false, SystemTime=2025-11-12T14:58:41.690186052+03:00, NoProxy=, Architecture=x86_64, HttpsProxy=, NEventsListener=0, Images=94, ContainersRunning=4, Labels=[], InitCommit={Expected=de40ad0, ID=de40ad0}, NFd=66, KernelVersion=6.14.0-29-generic, LoggingDriver=json-file, OSType=linux, SecurityOptions=[name=apparmor, name=seccomp,profile=builtin, name=cgroupns], ContainerdCommit={Expected=05044ec0a9a75232cad458027ca83437aae3f4da, ID=05044ec0a9a75232cad458027ca83437aae3f4da}, GenericResources=null, OperatingSystem=Ubuntu 24.04.3 LTS, RegistryConfig={AllowNondistributableArtifactsCIDRs=null, AllowNondistributableArtifactsHostnames=null, IndexConfigs={docker.io={Mirrors=[], Name=docker.io, Official=true, Secure=true}}, InsecureRegistryCIDRs=[::1/128, 127.0.0.0/8], Mirrors=null}, ServerVersion=28.4.0, OomKillDisable=false, CpuCfsQuota=true, Containers=118, Driver=overlay2, IPv4Forwarding=true, ExperimentalBuild=false, DockerRootDir=/var/lib/docker, CPUSet=true, CpuCfsPeriod=true, DefaultRuntime=runc, CPUShares=true, Debug=false, NCPU=16, Plugins={Authorization=null, Log=[awslogs, fluentd, gcplogs, gelf, journald, json-file, local, splunk, syslog], Network=[bridge, host, ipvlan, macvlan, null, overlay], Volume=[local]}, SwapLimit=true, CgroupDriver=systemd, ContainersPaused=0, MemTotal=66713108480, IndexServerAddress=https://index.docker.io/v1/, HttpProxy=, MemoryLimit=true, InitBinary=docker-init, CgroupVersion=2, Isolation=, PidsLimit=true, BridgeNfIp6tables=false, Warnings=null, ContainersStopped=114}
14:58:41.769 [Test worker] DEBUG org.testcontainers.shaded.com.github.dockerjava.core.command.AbstrDockerCmd -- Cmd: 
14:58:41.771 [Test worker] DEBUG com.github.dockerjava.zerodep.shaded.org.apache.hc.client5.http.impl.classic.InternalHttpClient -- ex-00000002: preparing request execution
14:58:41.771 [Test worker] DEBUG com.github.dockerjava.zerodep.shaded.org.apache.hc.client5.http.protocol.RequestAddCookies -- Cookie spec selected: strict
14:58:41.771 [Test worker] DEBUG com.github.dockerjava.zerodep.shaded.org.apache.hc.client5.http.protocol.RequestAuthCache -- Auth cache not set in the context
14:58:41.771 [Test worker] DEBUG com.github.dockerjava.zerodep.shaded.org.apache.hc.client5.http.impl.classic.ProtocolExec -- ex-00000002: target auth state: UNCHALLENGED
14:58:41.771 [Test worker] DEBUG com.github.dockerjava.zerodep.shaded.org.apache.hc.client5.http.impl.classic.ProtocolExec -- ex-00000002: proxy auth state: UNCHALLENGED
14:58:41.771 [Test worker] DEBUG com.github.dockerjava.zerodep.shaded.org.apache.hc.client5.http.impl.classic.ConnectExec -- ex-00000002: acquiring connection with route {}->unix://localhost:2375
14:58:41.771 [Test worker] DEBUG com.github.dockerjava.zerodep.shaded.org.apache.hc.client5.http.impl.classic.InternalHttpClient -- ex-00000002: acquiring endpoint (3 MINUTES)
14:58:41.772 [Test worker] DEBUG com.github.dockerjava.zerodep.shaded.org.apache.hc.client5.http.impl.io.PoolingHttpClientConnectionManager -- ex-00000002: endpoint lease request (3 MINUTES) [route: {}->unix://localhost:2375][total available: 1; route allocated: 1 of 2147483647; total allocated: 1 of 2147483647]
14:58:41.772 [Test worker] DEBUG com.github.dockerjava.zerodep.shaded.org.apache.hc.client5.http.impl.io.PoolingHttpClientConnectionManager -- ex-00000002: endpoint leased [route: {}->unix://localhost:2375][total available: 0; route allocated: 1 of 2147483647; total allocated: 1 of 2147483647]
14:58:41.772 [Test worker] DEBUG com.github.dockerjava.zerodep.shaded.org.apache.hc.client5.http.impl.io.PoolingHttpClientConnectionManager -- ex-00000002: acquired ep-00000001
14:58:41.772 [Test worker] DEBUG com.github.dockerjava.zerodep.shaded.org.apache.hc.client5.http.impl.classic.InternalHttpClient -- ex-00000002: acquired endpoint ep-00000001
14:58:41.772 [Test worker] DEBUG com.github.dockerjava.zerodep.shaded.org.apache.hc.client5.http.impl.classic.MainClientExec -- ex-00000002: executing GET /v1.32/version HTTP/1.1
14:58:41.773 [Test worker] DEBUG com.github.dockerjava.zerodep.shaded.org.apache.hc.client5.http.impl.classic.InternalHttpClient -- ep-00000001: start execution ex-00000002
14:58:41.773 [Test worker] DEBUG com.github.dockerjava.zerodep.shaded.org.apache.hc.client5.http.impl.io.PoolingHttpClientConnectionManager -- ep-00000001: executing exchange ex-00000002 over http-outgoing-0
14:58:41.773 [Test worker] DEBUG com.github.dockerjava.zerodep.shaded.org.apache.hc.client5.http.headers -- http-outgoing-0 >> GET /v1.32/version HTTP/1.1
14:58:41.773 [Test worker] DEBUG com.github.dockerjava.zerodep.shaded.org.apache.hc.client5.http.headers -- http-outgoing-0 >> accept: application/json
14:58:41.773 [Test worker] DEBUG com.github.dockerjava.zerodep.shaded.org.apache.hc.client5.http.headers -- http-outgoing-0 >> x-tc-sid: 9303d96d-ba46-4a86-918d-ea37ab3f1b6e
14:58:41.773 [Test worker] DEBUG com.github.dockerjava.zerodep.shaded.org.apache.hc.client5.http.headers -- http-outgoing-0 >> User-Agent: tc-java/1.20.6
14:58:41.773 [Test worker] DEBUG com.github.dockerjava.zerodep.shaded.org.apache.hc.client5.http.headers -- http-outgoing-0 >> Accept-Encoding: gzip, x-gzip, deflate
14:58:41.773 [Test worker] DEBUG com.github.dockerjava.zerodep.shaded.org.apache.hc.client5.http.headers -- http-outgoing-0 >> Host: localhost:2375
14:58:41.773 [Test worker] DEBUG com.github.dockerjava.zerodep.shaded.org.apache.hc.client5.http.headers -- http-outgoing-0 >> Connection: keep-alive
14:58:41.774 [Test worker] DEBUG com.github.dockerjava.zerodep.shaded.org.apache.hc.client5.http.wire -- http-outgoing-0 >> "GET /v1.32/version HTTP/1.1[\r][\n]"
14:58:41.774 [Test worker] DEBUG com.github.dockerjava.zerodep.shaded.org.apache.hc.client5.http.wire -- http-outgoing-0 >> "accept: application/json[\r][\n]"
14:58:41.774 [Test worker] DEBUG com.github.dockerjava.zerodep.shaded.org.apache.hc.client5.http.wire -- http-outgoing-0 >> "x-tc-sid: 9303d96d-ba46-4a86-918d-ea37ab3f1b6e[\r][\n]"
14:58:41.774 [Test worker] DEBUG com.github.dockerjava.zerodep.shaded.org.apache.hc.client5.http.wire -- http-outgoing-0 >> "User-Agent: tc-java/1.20.6[\r][\n]"
14:58:41.774 [Test worker] DEBUG com.github.dockerjava.zerodep.shaded.org.apache.hc.client5.http.wire -- http-outgoing-0 >> "Accept-Encoding: gzip, x-gzip, deflate[\r][\n]"
14:58:41.774 [Test worker] DEBUG com.github.dockerjava.zerodep.shaded.org.apache.hc.client5.http.wire -- http-outgoing-0 >> "Host: localhost:2375[\r][\n]"
14:58:41.774 [Test worker] DEBUG com.github.dockerjava.zerodep.shaded.org.apache.hc.client5.http.wire -- http-outgoing-0 >> "Connection: keep-alive[\r][\n]"
14:58:41.775 [Test worker] DEBUG com.github.dockerjava.zerodep.shaded.org.apache.hc.client5.http.wire -- http-outgoing-0 >> "[\r][\n]"
14:58:41.782 [Test worker] DEBUG com.github.dockerjava.zerodep.shaded.org.apache.hc.client5.http.wire -- http-outgoing-0 << "HTTP/1.1 200 OK[\r][\n]"
14:58:41.782 [Test worker] DEBUG com.github.dockerjava.zerodep.shaded.org.apache.hc.client5.http.wire -- http-outgoing-0 << "Api-Version: 1.51[\r][\n]"
14:58:41.782 [Test worker] DEBUG com.github.dockerjava.zerodep.shaded.org.apache.hc.client5.http.wire -- http-outgoing-0 << "Content-Type: application/json[\r][\n]"
14:58:41.782 [Test worker] DEBUG com.github.dockerjava.zerodep.shaded.org.apache.hc.client5.http.wire -- http-outgoing-0 << "Docker-Experimental: false[\r][\n]"
14:58:41.782 [Test worker] DEBUG com.github.dockerjava.zerodep.shaded.org.apache.hc.client5.http.wire -- http-outgoing-0 << "Ostype: linux[\r][\n]"
14:58:41.782 [Test worker] DEBUG com.github.dockerjava.zerodep.shaded.org.apache.hc.client5.http.wire -- http-outgoing-0 << "Server: Docker/28.4.0 (linux)[\r][\n]"
14:58:41.782 [Test worker] DEBUG com.github.dockerjava.zerodep.shaded.org.apache.hc.client5.http.wire -- http-outgoing-0 << "Date: Wed, 12 Nov 2025 11:58:41 GMT[\r][\n]"
14:58:41.782 [Test worker] DEBUG com.github.dockerjava.zerodep.shaded.org.apache.hc.client5.http.wire -- http-outgoing-0 << "Content-Length: 822[\r][\n]"
14:58:41.782 [Test worker] DEBUG com.github.dockerjava.zerodep.shaded.org.apache.hc.client5.http.wire -- http-outgoing-0 << "[\r][\n]"
14:58:41.782 [Test worker] DEBUG com.github.dockerjava.zerodep.shaded.org.apache.hc.client5.http.wire -- http-outgoing-0 << "{"Platform":{"Name":"Docker Engine - Community"},"Components":[{"Name":"Engine","Version":"28.4.0","Details":{"ApiVersion":"1.51","Arch":"amd64","BuildTime":"2025-09-03T20:57:05.000000000+00:00","Experimental":"false","GitCommit":"249d679","GoVersion":"go1.24.7","KernelVersion":"6.14.0-29-generic","MinAPIVersion":"1.24","Os":"linux"}},{"Name":"containerd","Version":"1.7.27","Details":{"GitCommit":"05044ec0a9a75232cad458027ca83437aae3f4da"}},{"Name":"runc","Version":"1.2.5","Details":{"GitCommit":"v1.2.5-0-g59923ef"}},{"Name":"docker-init","Version":"0.19.0","Details":{"GitCommit":"de40ad0"}}],"Version":"28.4.0","ApiVersion":"1.51","MinAPIVersion":"1.24","GitCommit":"249d679","GoVersion":"go1.24.7","Os":"linux","Arch":"amd64","KernelVersion":"6.14.0-29-generic","BuildTime":"2025-09-03T20:57:05.000000000+00:00"}[\n]"
14:58:41.783 [Test worker] DEBUG com.github.dockerjava.zerodep.shaded.org.apache.hc.client5.http.headers -- http-outgoing-0 << HTTP/1.1 200 OK
14:58:41.783 [Test worker] DEBUG com.github.dockerjava.zerodep.shaded.org.apache.hc.client5.http.headers -- http-outgoing-0 << Api-Version: 1.51
14:58:41.783 [Test worker] DEBUG com.github.dockerjava.zerodep.shaded.org.apache.hc.client5.http.headers -- http-outgoing-0 << Content-Type: application/json
14:58:41.783 [Test worker] DEBUG com.github.dockerjava.zerodep.shaded.org.apache.hc.client5.http.headers -- http-outgoing-0 << Docker-Experimental: false
14:58:41.783 [Test worker] DEBUG com.github.dockerjava.zerodep.shaded.org.apache.hc.client5.http.headers -- http-outgoing-0 << Ostype: linux
14:58:41.783 [Test worker] DEBUG com.github.dockerjava.zerodep.shaded.org.apache.hc.client5.http.headers -- http-outgoing-0 << Server: Docker/28.4.0 (linux)
14:58:41.783 [Test worker] DEBUG com.github.dockerjava.zerodep.shaded.org.apache.hc.client5.http.headers -- http-outgoing-0 << Date: Wed, 12 Nov 2025 11:58:41 GMT
14:58:41.784 [Test worker] DEBUG com.github.dockerjava.zerodep.shaded.org.apache.hc.client5.http.headers -- http-outgoing-0 << Content-Length: 822
14:58:41.784 [Test worker] DEBUG com.github.dockerjava.zerodep.shaded.org.apache.hc.client5.http.impl.classic.MainClientExec -- ex-00000002: connection can be kept alive for 3 MINUTES
14:58:41.796 [Test worker] DEBUG com.github.dockerjava.zerodep.shaded.org.apache.hc.client5.http.impl.classic.InternalHttpClient -- ep-00000001: releasing valid endpoint
14:58:41.796 [Test worker] DEBUG com.github.dockerjava.zerodep.shaded.org.apache.hc.client5.http.impl.io.PoolingHttpClientConnectionManager -- ep-00000001: releasing endpoint
14:58:41.796 [Test worker] DEBUG com.github.dockerjava.zerodep.shaded.org.apache.hc.client5.http.impl.io.PoolingHttpClientConnectionManager -- ep-00000001: connection http-outgoing-0 can be kept alive for 3 MINUTES
14:58:41.797 [Test worker] DEBUG com.github.dockerjava.zerodep.shaded.org.apache.hc.client5.http.impl.io.PoolingHttpClientConnectionManager -- ep-00000001: connection released [route: {}->unix://localhost:2375][total available: 1; route allocated: 1 of 2147483647; total allocated: 1 of 2147483647]
14:58:41.797 [Test worker] DEBUG org.testcontainers.DockerClientFactory -- Docker version: {Components=[{Name=Engine, Version=28.4.0, Details={ApiVersion=1.51, Arch=amd64, BuildTime=2025-09-03T20:57:05.000000000+00:00, Experimental=false, GitCommit=249d679, GoVersion=go1.24.7, KernelVersion=6.14.0-29-generic, MinAPIVersion=1.24, Os=linux}}, {Name=containerd, Version=1.7.27, Details={GitCommit=05044ec0a9a75232cad458027ca83437aae3f4da}}, {Name=runc, Version=1.2.5, Details={GitCommit=v1.2.5-0-g59923ef}}, {Name=docker-init, Version=0.19.0, Details={GitCommit=de40ad0}}], KernelVersion=6.14.0-29-generic, ApiVersion=1.51, Platform={Name=Docker Engine - Community}, GitCommit=249d679, Os=linux, Version=28.4.0, MinAPIVersion=1.24, Arch=amd64, GoVersion=go1.24.7, BuildTime=2025-09-03T20:57:05.000000000+00:00}
14:58:41.797 [Test worker] INFO org.testcontainers.DockerClientFactory -- Connected to docker: 
  Server Version: 28.4.0
  API Version: 1.51
  Operating System: Ubuntu 24.04.3 LTS
  Total Memory: 63622 MB
14:58:41.805 [Test worker] DEBUG org.testcontainers.utility.RyukResourceReaper -- Ryuk is enabled
14:58:41.808 [Test worker] DEBUG org.testcontainers.utility.PrefixingImageNameSubstitutor -- No prefix is configured
14:58:41.808 [Test worker] DEBUG org.testcontainers.utility.ImageNameSubstitutor -- Did not find a substitute image for testcontainers/ryuk:0.11.0 (using image substitutor: DefaultImageNameSubstitutor (composite of 'ConfigurationFileImageNameSubstitutor' and 'PrefixingImageNameSubstitutor'))
14:58:41.811 [Test worker] DEBUG org.testcontainers.shaded.com.github.dockerjava.core.command.AbstrDockerCmd -- Cmd: ListImagesCmdImpl[filters=org.testcontainers.shaded.com.github.dockerjava.core.util.FiltersBuilder@0,imageNameFilter=<null>,showAll=false]
14:58:41.815 [Test worker] DEBUG com.github.dockerjava.zerodep.shaded.org.apache.hc.client5.http.impl.classic.InternalHttpClient -- ex-00000003: preparing request execution
14:58:41.815 [Test worker] DEBUG com.github.dockerjava.zerodep.shaded.org.apache.hc.client5.http.protocol.RequestAddCookies -- Cookie spec selected: strict
14:58:41.815 [Test worker] DEBUG com.github.dockerjava.zerodep.shaded.org.apache.hc.client5.http.protocol.RequestAuthCache -- Auth cache not set in the context
14:58:41.815 [Test worker] DEBUG com.github.dockerjava.zerodep.shaded.org.apache.hc.client5.http.impl.classic.ProtocolExec -- ex-00000003: target auth state: UNCHALLENGED
14:58:41.815 [Test worker] DEBUG com.github.dockerjava.zerodep.shaded.org.apache.hc.client5.http.impl.classic.ProtocolExec -- ex-00000003: proxy auth state: UNCHALLENGED
14:58:41.815 [Test worker] DEBUG com.github.dockerjava.zerodep.shaded.org.apache.hc.client5.http.impl.classic.ConnectExec -- ex-00000003: acquiring connection with route {}->unix://localhost:2375
14:58:41.815 [Test worker] DEBUG com.github.dockerjava.zerodep.shaded.org.apache.hc.client5.http.impl.classic.InternalHttpClient -- ex-00000003: acquiring endpoint (3 MINUTES)
14:58:41.816 [Test worker] DEBUG com.github.dockerjava.zerodep.shaded.org.apache.hc.client5.http.impl.io.PoolingHttpClientConnectionManager -- ex-00000003: endpoint lease request (3 MINUTES) [route: {}->unix://localhost:2375][total available: 1; route allocated: 1 of 2147483647; total allocated: 1 of 2147483647]
14:58:41.816 [Test worker] DEBUG com.github.dockerjava.zerodep.shaded.org.apache.hc.client5.http.impl.io.PoolingHttpClientConnectionManager -- ex-00000003: endpoint leased [route: {}->unix://localhost:2375][total available: 0; route allocated: 1 of 2147483647; total allocated: 1 of 2147483647]
14:58:41.816 [Test worker] DEBUG com.github.dockerjava.zerodep.shaded.org.apache.hc.client5.http.impl.io.PoolingHttpClientConnectionManager -- ex-00000003: acquired ep-00000002
14:58:41.817 [Test worker] DEBUG com.github.dockerjava.zerodep.shaded.org.apache.hc.client5.http.impl.classic.InternalHttpClient -- ex-00000003: acquired endpoint ep-00000002
14:58:41.817 [Test worker] DEBUG com.github.dockerjava.zerodep.shaded.org.apache.hc.client5.http.impl.classic.MainClientExec -- ex-00000003: executing GET /v1.32/images/json HTTP/1.1
14:58:41.817 [Test worker] DEBUG com.github.dockerjava.zerodep.shaded.org.apache.hc.client5.http.impl.classic.InternalHttpClient -- ep-00000002: start execution ex-00000003
14:58:41.817 [Test worker] DEBUG com.github.dockerjava.zerodep.shaded.org.apache.hc.client5.http.impl.io.PoolingHttpClientConnectionManager -- ep-00000002: executing exchange ex-00000003 over http-outgoing-0
14:58:41.817 [Test worker] DEBUG com.github.dockerjava.zerodep.shaded.org.apache.hc.client5.http.headers -- http-outgoing-0 >> GET /v1.32/images/json HTTP/1.1
14:58:41.817 [Test worker] DEBUG com.github.dockerjava.zerodep.shaded.org.apache.hc.client5.http.headers -- http-outgoing-0 >> accept: application/json
14:58:41.817 [Test worker] DEBUG com.github.dockerjava.zerodep.shaded.org.apache.hc.client5.http.headers -- http-outgoing-0 >> x-tc-sid: 9303d96d-ba46-4a86-918d-ea37ab3f1b6e
14:58:41.817 [Test worker] DEBUG com.github.dockerjava.zerodep.shaded.org.apache.hc.client5.http.headers -- http-outgoing-0 >> User-Agent: tc-java/1.20.6
14:58:41.817 [Test worker] DEBUG com.github.dockerjava.zerodep.shaded.org.apache.hc.client5.http.headers -- http-outgoing-0 >> Accept-Encoding: gzip, x-gzip, deflate
14:58:41.817 [Test worker] DEBUG com.github.dockerjava.zerodep.shaded.org.apache.hc.client5.http.headers -- http-outgoing-0 >> Host: localhost:2375
14:58:41.817 [Test worker] DEBUG com.github.dockerjava.zerodep.shaded.org.apache.hc.client5.http.headers -- http-outgoing-0 >> Connection: keep-alive
14:58:41.817 [Test worker] DEBUG com.github.dockerjava.zerodep.shaded.org.apache.hc.client5.http.wire -- http-outgoing-0 >> "GET /v1.32/images/json HTTP/1.1[\r][\n]"
14:58:41.817 [Test worker] DEBUG com.github.dockerjava.zerodep.shaded.org.apache.hc.client5.http.wire -- http-outgoing-0 >> "accept: application/json[\r][\n]"
14:58:41.817 [Test worker] DEBUG com.github.dockerjava.zerodep.shaded.org.apache.hc.client5.http.wire -- http-outgoing-0 >> "x-tc-sid: 9303d96d-ba46-4a86-918d-ea37ab3f1b6e[\r][\n]"
14:58:41.818 [Test worker] DEBUG com.github.dockerjava.zerodep.shaded.org.apache.hc.client5.http.wire -- http-outgoing-0 >> "User-Agent: tc-java/1.20.6[\r][\n]"
14:58:41.818 [Test worker] DEBUG com.github.dockerjava.zerodep.shaded.org.apache.hc.client5.http.wire -- http-outgoing-0 >> "Accept-Encoding: gzip, x-gzip, deflate[\r][\n]"
14:58:41.818 [Test worker] DEBUG com.github.dockerjava.zerodep.shaded.org.apache.hc.client5.http.wire -- http-outgoing-0 >> "Host: localhost:2375[\r][\n]"
14:58:41.818 [Test worker] DEBUG com.github.dockerjava.zerodep.shaded.org.apache.hc.client5.http.wire -- http-outgoing-0 >> "Connection: keep-alive[\r][\n]"
14:58:41.818 [Test worker] DEBUG com.github.dockerjava.zerodep.shaded.org.apache.hc.client5.http.wire -- http-outgoing-0 >> "[\r][\n]"
14:58:41.837 [Test worker] DEBUG com.github.dockerjava.zerodep.shaded.org.apache.hc.client5.http.wire -- http-outgoing-0 << "HTTP/1.1 200 OK[\r][\n]"
14:58:41.837 [Test worker] DEBUG com.github.dockerjava.zerodep.shaded.org.apache.hc.client5.http.wire -- http-outgoing-0 << "Api-Version: 1.51[\r][\n]"
14:58:41.837 [Test worker] DEBUG com.github.dockerjava.zerodep.shaded.org.apache.hc.client5.http.wire -- http-outgoing-0 << "Content-Type: application/json[\r][\n]"
14:58:41.837 [Test worker] DEBUG com.github.dockerjava.zerodep.shaded.org.apache.hc.client5.http.wire -- http-outgoing-0 << "Docker-Experimental: false[\r][\n]"
14:58:41.837 [Test worker] DEBUG com.github.dockerjava.zerodep.shaded.org.apache.hc.client5.http.wire -- http-outgoing-0 << "Ostype: linux[\r][\n]"
14:58:41.837 [Test worker] DEBUG com.github.dockerjava.zerodep.shaded.org.apache.hc.client5.http.wire -- http-outgoing-0 << "Server: Docker/28.4.0 (linux)[\r][\n]"
14:58:41.837 [Test worker] DEBUG com.github.dockerjava.zerodep.shaded.org.apache.hc.client5.http.wire -- http-outgoing-0 << "Date: Wed, 12 Nov 2025 11:58:41 GMT[\r][\n]"
14:58:41.837 [Test worker] DEBUG com.github.dockerjava.zerodep.shaded.org.apache.hc.client5.http.wire -- http-outgoing-0 << "Transfer-Encoding: chunked[\r][\n]"
14:58:41.837 [Test worker] DEBUG com.github.dockerjava.zerodep.shaded.org.apache.hc.client5.http.wire -- http-outgoing-0 << "[\r][\n]"
14:58:41.837 [Test worker] DEBUG com.github.dockerjava.zerodep.shaded.org.apache.hc.client5.http.wire -- http-outgoing-0 << "dfb6[\r][\n]"
14:58:41.838 [Test worker] DEBUG com.github.dockerjava.zerodep.shaded.org.apache.hc.client5.http.wire -- http-outgoing-0 << "[{"Containers":-1,"Created":1762345041,"Id":"sha256:f43a3d54b393eb132f28abca1e9d974ccb3f05866a4368fc242b38f5ce6cf8b4","Labels":{"org.opencontainers.image.description":"Liquibase Container Image","org.opencontainers.image.documentation":"https://docs.liquibase.com","org.opencontainers.image.licenses":"Apache-2.0","org.opencontainers.image.ref.name":"ubuntu","org.opencontainers.image.source":"https://github.com/liquibase/docker","org.opencontainers.image.vendor":"Liquibase","org.opencontainers.image.version":"4.33.0","version":"4.33"},"ParentId":"","RepoDigests":null,"RepoTags":["mdm-rms-adapter-migrations:latest"],"SharedSize":-1,"Size":678171358,"VirtualSize":678171358},{"Containers":-1,"Created":1762344201,"Id":"sha256:655b918fe326bcff832dee80a776caffe47f6ee600a30f3d58a09adfd12b970d","Labels":{"org.opencontainers.image.description":"Liquibase Container Image","org.opencontainers.image.documentation":"https://docs.liquibase.com","org.opencontainers.image.licenses":"Apache-2.0","org.opencontainers.image.ref.name":"ubuntu","org.opencontainers.image.source":"https://github.com/liquibase/docker","org.opencontainers.image.vendor":"Liquibase","org.opencontainers.image.version":"4.33.0","version":"4.33"},"ParentId":"","RepoDigests":["<none>@<none>"],"RepoTags":["<none>:<none>"],"SharedSize":-1,"Size":678170605,"VirtualSize":678170605},{"Containers":-1,"Created":1762340383,"Id":"sha256:daaae321097d354d69b70bf0104489d81f34a67451a804be69c76240d8e595bd","Labels":{"org.opencontainers.image.description":"Liquibase Container Image","org.opencontainers.image.documentation":"https://docs.liquibase.com","org.opencontainers.image.licenses":"Apache-2.0","org.opencontainers.image.ref.name":"ubuntu","org.opencontainers.image.source":"https://github.com/liquibase/docker","org.opencontainers.image.vendor":"Liquibase","org.opencontainers.image.version":"4.33.0","version":"4.33"},"ParentId":"","RepoDigests":["<none>@<none>"],"RepoTags":["<none>:<none>"],"SharedSize":-1,"Size":678170272,"VirtualSize":678170272},{"Containers":-1,"Created":1762338611,"Id":"sha256:c30b0f77b66284df3c7bbc1f87dafd16f7bb53fe49e758c0f8b21db72d35674b","Labels":{"org.opencontainers.image.description":"Liquibase Container Image","org.opencontainers.image.documentation":"https://docs.liquibase.com","org.opencontainers.image.licenses":"Apache-2.0","org.opencontainers.image.ref.name":"ubuntu","org.opencontainers.image.source":"https://github.com/liquibase/docker","org.opencontainers.image.vendor":"Liquibase","org.opencontainers.image.version":"4.33.0","version":"4.33"},"ParentId":"","RepoDigests":["<none>@<none>"],"RepoTags":["<none>:<none>"],"SharedSize":-1,"Size":678170002,"VirtualSize":678170002},{"Containers":-1,"Created":1760376391,"Id":"sha256:bad62bb45d988a347c32f432b99832820d7a90fb4dda216795775ba975a329f4","Labels":{"org.opencontainers.image.description":"Liquibase Container Image","org.opencontainers.image.documentation":"https://docs.liquibase.com","org.opencontainers.image.licenses":"Apache-2.0","org.opencontainers.image.ref.name":"ubuntu","org.opencontainers.image.source":"https://github.com/liquibase/docker","org.opencontainers.image.vendor":"Liquibase","org.opencontainers.image.version":"4.33.0","version":"4.33"},"ParentId":"","RepoDigests":null,"RepoTags":["rms-service-migrations:latest"],"SharedSize":-1,"Size":678178505,"VirtualSize":678178505},{"Containers":-1,"Created":1760359753,"Id":"sha256:4a39c8469794691119cc425ac16cdc67b42e0e0b2aec64d45188b8a9215691f5","Labels":{"org.opencontainers.image.description":"Liquibase Container Image","org.opencontainers.image.documentation":"https://docs.liquibase.com","org.opencontainers.image.licenses":"Apache-2.0","org.opencontainers.image.ref.name":"ubuntu","org.opencontainers.image.source":"https://github.com/liquibase/docker","org.opencontainers.image.vendor":"Liquibase","org.opencontainers.image.version":"4.33.0","version":"4.33"},"ParentId":"","RepoDigests":["<none>@<none>"],"RepoTags":["<none>:<none>"],"SharedSize":-1,"Size":678170077,"VirtualSize":678170077},{"Containers":-1,"Created":1760359586,"Id":"sha256:b0c6c685afe12a889b44e1fd8cf1c451d9a62878ac0c2be7f661cc97c7c48037","Labels":{"org.opencontainers.image.description":"Liquibase Container Image","org.opencontainers.image.documentation":"https://docs.liquibase.com","org.opencontainers.image.licenses":"Apache-2.0","org.opencontainers.image.ref.name":"ubuntu","org.opencontainers.image.source":"https://github.com/liquibase/docker","org.opencontainers.image.vendor":"Liquibase","org.opencontainers.image.version":"4.33.0","version":"4.33"},"ParentId":"","RepoDigests":["<none>@<none>"],"RepoTags":["<none>:<none>"],"SharedSize":-1,"Size":678170077,"VirtualSize":678170077},{"Containers":-1,"Created":1760359518,"Id":"sha256:1adc831a6870667f8ff30cbc5ba4a4cbeb77d12a798a7428fd60debeb21f51e1","Labels":{"org.opencontainers.image.description":"Liquibase Container Image","org.opencontainers.image.documentation":"https://docs.liquibase.com","org.opencontainers.image.licenses":"Apache-2.0","org.opencontainers.image.ref.name":"ubuntu","org.opencontainers.image.source":"https://github.com/liquibase/docker","org.opencontainers.image.vendor":"Liquibase","org.opencontainers.image.version":"4.33.0","version":"4.33"},"ParentId":"","RepoDigests":["<none>@<none>"],"RepoTags":["<none>:<none>"],"SharedSize":-1,"Size":678170077,"VirtualSize":678170077},{"Containers":-1,"Created":1760359348,"Id":"sha256:f1fd5b873c762d776d87b6f8602ba17cd43dfec945ee010dbff40fd12e51c967","Labels":{"org.opencontainers.image.description":"Liquibase Container Image","org.opencontainers.image.documentation":"https://docs.liquibase.com","org.opencontainers.image.licenses":"Apache-2.0","org.opencontainers.image.ref.name":"ubuntu","org.opencontainers.image.source":"https://github.com/liquibase/docker","org.opencontainers.image.vendor":"Liquibase","org.opencontainers.image.version":"4.33.0","version":"4.33"},"ParentId":"","RepoDigests":["<none>@<none>"],"RepoTags":["<none>:<none>"],"SharedSize":-1,"Size":678170077,"VirtualSize":678170077},{"Containers":-1,"Created":1760359242,"Id":"sha256:34a0ddbd1e5e408a94988ce5a919e8af54fac86243a32d0d74608f735046c5a2","Labels":{"org.opencontainers.image.description":"Liquibase Container Image","org.opencontainers.image.documentation":"https://docs.liquibase.com","org.opencontainers.image.licenses":"Apache-2.0","org.opencontainers.image.ref.name":"ubuntu","org.opencontainers.image.source":"https://github.com/liquibase/docker","org.opencontainers.image.vendor":"Liquibase","org.opencontainers.image.version":"4.33.0","version":"4.33"},"ParentId":"","RepoDigests":["<none>@<none>"],"RepoTags":["<none>:<none>"],"SharedSize":-1,"Size":678170139,"VirtualSize":678170139},{"Containers":-1,"Created":1760359047,"Id":"sha256:2b8bf2e8723fe4d36344d98f62ee7d693741ccdc1368e4db1d4977626c5b4228","Labels":{"org.opencontainers.image.description":"Liquibase Container Image","org.opencontainers.image.documentation":"https://docs.liquibase.com","org.opencontainers.image.licenses":"Apache-2.0","org.opencontainers.image.ref.name":"ubuntu","org.opencontainers.image.source":"https://github.com/liquibase/docker","org.opencontainers.image.vendor":"Liquibase","org.opencontainers.image.version":"4.33.0","version":"4.33"},"ParentId":"","RepoDigests":["<none>@<none>"],"RepoTags":["<none>:<none>"],"SharedSize":-1,"Size":678170077,"VirtualSize":678170077},{"Containers":-1,"Created":1757940376,"Id":"sha256:4e44ccd5209df87913698c543b2f3f5384991b550eb1731b4c14695e408a27c7","Labels":{"org.opencontainers.image.description":"Liquibase Container Image","org.opencontainers.image.documentation":"https://docs.liquibase.com","org.opencontainers.image.licenses":"Apache-2.0","org.opencontainers.image.ref.name":"ubuntu","org.opencontainers.image.source":"https://github.com/liquibase/docker","org.opencontainers.image.vendor":"Liquibase","org.opencontainers.image.version":"4.33.0","version":"4.33"},"ParentId":"","RepoDigests":["<none>@<none>"],""
14:58:41.838 [Test worker] DEBUG com.github.dockerjava.zerodep.shaded.org.apache.hc.client5.http.headers -- http-outgoing-0 << HTTP/1.1 200 OK
14:58:41.838 [Test worker] DEBUG com.github.dockerjava.zerodep.shaded.org.apache.hc.client5.http.headers -- http-outgoing-0 << Api-Version: 1.51
14:58:41.838 [Test worker] DEBUG com.github.dockerjava.zerodep.shaded.org.apache.hc.client5.http.headers -- http-outgoing-0 << Content-Type: application/json
14:58:41.838 [Test worker] DEBUG com.github.dockerjava.zerodep.shaded.org.apache.hc.client5.http.headers -- http-outgoing-0 << Docker-Experimental: false
14:58:41.838 [Test worker] DEBUG com.github.dockerjava.zerodep.shaded.org.apache.hc.client5.http.headers -- http-outgoing-0 << Ostype: linux
14:58:41.838 [Test worker] DEBUG com.github.dockerjava.zerodep.shaded.org.apache.hc.client5.http.headers -- http-outgoing-0 << Server: Docker/28.4.0 (linux)
14:58:41.839 [Test worker] DEBUG com.github.dockerjava.zerodep.shaded.org.apache.hc.client5.http.headers -- http-outgoing-0 << Date: Wed, 12 Nov 2025 11:58:41 GMT
14:58:41.839 [Test worker] DEBUG com.github.dockerjava.zerodep.shaded.org.apache.hc.client5.http.headers -- http-outgoing-0 << Transfer-Encoding: chunked
14:58:41.839 [Test worker] DEBUG com.github.dockerjava.zerodep.shaded.org.apache.hc.client5.http.impl.classic.MainClientExec -- ex-00000003: connection can be kept alive for 3 MINUTES
14:58:41.848 [Test worker] DEBUG com.github.dockerjava.zerodep.shaded.org.apache.hc.client5.http.wire -- http-outgoing-0 << "RepoTags":["<none>:<none>"],"SharedSize":-1,"Size":678178133,"VirtualSize":678178133},{"Containers":-1,"Created":1757586311,"Id":"sha256:2832d3bbccf64994100af1c07aeb69cc8416fc799e9473a571da785574df7853","Labels":{"org.opencontainers.image.description":"Liquibase Container Image","org.opencontainers.image.documentation":"https://docs.liquibase.com","org.opencontainers.image.licenses":"Apache-2.0","org.opencontainers.image.ref.name":"ubuntu","org.opencontainers.image.source":"https://github.com/liquibase/docker","org.opencontainers.image.vendor":"Liquibase","org.opencontainers.image.version":"4.33.0","version":"4.33"},"ParentId":"","RepoDigests":["<none>@<none>"],"RepoTags":["<none>:<none>"],"SharedSize":-1,"Size":678180427,"VirtualSize":678180427},{"Containers":-1,"Created":1756964255,"Id":"sha256:2ab8b33bf0f4b3933aec4fe195f68f727bd7329f78a4f7dde4b976ce9d9ccccd","Labels":{"org.opencontainers.image.description":"Liquibase Container Image","org.opencontainers.image.documentation":"https://docs.liquibase.com","org.opencontainers.image.licenses":"Apache-2.0","org.opencontainers.image.ref.name":"ubuntu","org.opencontainers.image.source":"https://github.com/liquibase/docker","org.opencontainers.image.vendor":"Liquibase","org.opencontainers.image.version":"4.33.0","version":"4.33"},"ParentId":"","RepoDigests":["<none>@<none>"],"RepoTags":["<none>:<none>"],"SharedSize":-1,"Size":678180167,"VirtualSize":678180167},{"Containers":-1,"Created":1756812725,"Id":"sha256:ffb4609f59bba448bef9a62801af4925cb0c0c8a10e0c325c274a0c6d080f534","Labels":{"org.opencontainers.image.description":"Liquibase Container Image","org.opencontainers.image.documentation":"https://docs.liquibase.com","org.opencontainers.image.licenses":"Apache-2.0","org.opencontainers.image.ref.name":"ubuntu","org.opencontainers.image.source":"https://github.com/liquibase/docker","org.opencontainers.image.vendor":"Liquibase","org.opencontainers.image.version":"4.33.0","version":"4.33"},"ParentId":"","RepoDigests":["<none>@<none>"],"RepoTags":["<none>:<none>"],"SharedSize":-1,"Size":678180038,"VirtualSize":678180038},{"Containers":-1,"Created":1756318873,"Id":"sha256:74a62384e018186715ec7214a8c1c4911d9f60442d9fca6ba692da3bd6a74fd6","Labels":{"org.opencontainers.image.description":"Liquibase Container Image","org.opencontainers.image.documentation":"https://docs.liquibase.com","org.opencontainers.image.licenses":"Apache-2.0","org.opencontainers.image.ref.name":"ubuntu","org.opencontainers.image.source":"https://github.com/liquibase/docker","org.opencontainers.image.vendor":"Liquibase","org.opencontainers.image.version":"4.33.0","version":"4.33"},"ParentId":"","RepoDigests":["<none>@<none>"],"RepoTags":["<none>:<none>"],"SharedSize":-1,"Size":678179370,"VirtualSize":678179370},{"Containers":-1,"Created":1756318816,"Id":"sha256:8fb94717d2d4f305a77dcf3474c65058829e77028a142cbcb42ea8f356c6e170","Labels":{"org.opencontainers.image.description":"Liquibase Container Image","org.opencontainers.image.documentation":"https://docs.liquibase.com","org.opencontainers.image.licenses":"Apache-2.0","org.opencontainers.image.ref.name":"ubuntu","org.opencontainers.image.source":"https://github.com/liquibase/docker","org.opencontainers.image.vendor":"Liquibase","org.opencontainers.image.version":"4.33.0","version":"4.33"},"ParentId":"","RepoDigests":["<none>@<none>"],"RepoTags":["<none>:<none>"],"SharedSize":-1,"Size":678179367,"VirtualSize":678179367},{"Containers":-1,"Created":1756308580,"Id":"sha256:40f6fae70bd30c31957b1897c689b2ae92993ef5782ebd2c198d2da12172d452","Labels":{"org.opencontainers.image.description":"Liquibase Container Image","org.opencontainers.image.documentation":"https://docs.liquibase.com","org.opencontainers.image.licenses":"Apache-2.0","org.opencontainers.image.ref.name":"ubuntu","org.opencontainers.image.source":"https://github.com/liquibase/docker","org.opencontainers.image.vendor":"Liquibase","org.opencontainers.image.version":"4.33.0","version":"4.33"},"ParentId":"","RepoDigests":["<none>@<none>"],"RepoTags":["<none>:<none>"],"SharedSize":-1,"Size":678179364,"VirtualSize":678179364},{"Containers":-1,"Created":1755246856,"Id":"sha256:1205017a45be97ffba3f5983b1021c2ad662add4f4a98a14ca80f35228d92976","Labels":{"org.opencontainers.image.description":"Liquibase Container Image","org.opencontainers.image.documentation":"https://docs.liquibase.com","org.opencontainers.image.licenses":"Apache-2.0","org.opencontainers.image.ref.name":"ubuntu","org.opencontainers.image.source":"https://github.com/liquibase/docker","org.opencontainers.image.vendor":"Liquibase","org.opencontainers.image.version":"4.33.0","version":"4.33"},"ParentId":"","RepoDigests":["<none>@<none>"],"RepoTags":["<none>:<none>"],"SharedSize":-1,"Size":678178581,"VirtualSize":678178581},{"Containers":-1,"Created":1755084852,"Id":"sha256:8b923b12e3c8c860c39e87a79633491d1d6d87bdb08a1fc29b55ae40a0720c25","Labels":null,"ParentId":"","RepoDigests":["<none>@<none>"],"RepoTags":["<none>:<none>"],"SharedSize":-1,"Size":410476723,"VirtualSize":410476723},{"Containers":-1,"Created":1755084573,"Id":"sha256:2c4ac7d0f2f141f232153232ade67e6b3d513e247fda20a068edf9a118f2e848","Labels":null,"ParentId":"","RepoDigests":["<none>@<none>"],"RepoTags":["<none>:<none>"],"SharedSize":-1,"Size":410476778,"VirtualSize":410476778},{"Containers":-1,"Created":1755084404,"Id":"sha256:0bd028bb1444e53ce19ac7769babb9321b560e5b2b80b0bb9f86d558787a63a9","Labels":null,"ParentId":"","RepoDigests":["<none>@<none>"],"RepoTags":["<none>:<none>"],"SharedSize":-1,"Size":410476832,"VirtualSize":410476832},{"Containers":-1,"Created":1755083658,"Id":"sha256:053483247024b3d9763b1d5e9ea05a9c033bc4a832ff49a33cfdf163a82e882c","Labels":null,"ParentId":"","RepoDigests":["<none>@<none>"],"RepoTags":["<none>:<none>"],"SharedSize":-1,"Size":410477174,"VirtualSize":410477174},{"Containers":-1,"Created":1755083576,"Id":"sha256:4c9aa9aa7c173d0be4ad8356749b9fd64cf5ff562d8a1ac7058d1477eb7beb5e","Labels":null,"ParentId":"","RepoDigests":["<none>@<none>"],"RepoTags":["<none>:<none>"],"SharedSize":-1,"Size":410476082,"VirtualSize":410476082},{"Containers":-1,"Created":1755083401,"Id":"sha256:0efd28e281c2ed0e7df889eca518711dee671623ddbbb8903a1008cbf524b352","Labels":null,"ParentId":"","RepoDigests":["<none>@<none>"],"RepoTags":["<none>:<none>"],"SharedSize":-1,"Size":410476648,"VirtualSize":410476648},{"Containers":-1,"Created":1755083350,"Id":"sha256:2e1fa911621d579718eeb975e5c1169e7f7676483f50a595188674ed475d0ef2","Labels":null,"ParentId":"","RepoDigests":["<none>@<none>"],"RepoTags":["<none>:<none>"],"SharedSize":-1,"Size":410476648,"VirtualSize":410476648},{"Containers":-1,"Created":1755082678,"Id":"sha256:e18fd4f804734037a62358bc4309066c972bc18d1423bcfadff067543481555b","Labels":null,"ParentId":"","RepoDigests":["<none>@<none>"],"RepoTags":["<none>:<none>"],"SharedSize":-1,"Size":410476649,"VirtualSize":410476649},{"Containers":-1,"Created":1754640559,"Id":"sha256:27b2e46030628ba86c10d3e4553793cc01a9486049c8bf2bcc1556c998ae39c0","Labels":null,"ParentId":"","RepoDigests":["<none>@<none>"],"RepoTags":["<none>:<none>"],"SharedSize":-1,"Size":410476025,"VirtualSize":410476025},{"Containers":-1,"Created":1754396790,"Id":"sha256:df0030658342de2dc28c72bb2b340355645809cafc5e3bf747196db40ff623ab","Labels":null,"ParentId":"","RepoDigests":["<none>@<none>"],"RepoTags":["<none>:<none>"],"SharedSize":-1,"Size":410473929,"VirtualSize":410473929},{"Containers":-1,"Created":1753955428,"Id":"sha256:fbf8e55b3255f0ad381b0d59295280ac0fcac99ab30022f2e181c74aed7e9415","Labels":{"org.opencontainers.image.ref.name":"ubuntu","org.opencontainers.image.version":"24.04"},"ParentId":"","RepoDigests":["obsidiandynamics/kafdrop@sha256:63f1d716890d3e5af7f1952efc0642c0d4e731ed0a811a7cedcd940367864a12"],"RepoTags":["obsidiandynamics/kafdrop:4.2.0"],"SharedSize":-1,"Size":496179123,"VirtualSize":496179123},{"Containers":-1,"Created":1752863736,"Id":"sha256:56bbf770f0be029f3db5e320fca8df3e124753ef74857a11dd26699cd1dd8599","Labels":nu"
14:58:41.853 [Test worker] DEBUG com.github.dockerjava.zerodep.shaded.org.apache.hc.client5.http.wire -- http-outgoing-0 << "ll,"ParentId":"","RepoDigests":["<none>@<none>"],"RepoTags":["<none>:<none>"],"SharedSize":-1,"Size":161655650,"VirtualSize":161655650},{"Containers":-1,"Created":1751662022,"Id":"sha256:3c9d743af929e285b24cf0939cb43904756dc98bbcfd5a82b21f49cb0fffef02","Labels":null,"ParentId":"","RepoDigests":["<none>@<none>"],"RepoTags":["<none>:<none>"],"SharedSize":-1,"Size":148718757,"VirtualSize":148718757},{"Containers":-1,"Created":1751637112,"Id":"sha256:19ceea0cb4f75fef2a29fe40da4b65abd1d22a48837b0803f49cba95e4c4cad6","Labels":null,"ParentId":"","RepoDigests":["<none>@<none>"],"RepoTags":["<none>:<none>"],"SharedSize":-1,"Size":410467612,"VirtualSize":410467612},{"Containers":-1,"Created":1751633609,"Id":"sha256:9da9d94f897d64cc536a15738fb4ae42c0909fd162c57e24835b23a323d617f6","Labels":null,"ParentId":"","RepoDigests":["<none>@<none>"],"RepoTags":["<none>:<none>"],"SharedSize":-1,"Size":410467602,"VirtualSize":410467602},{"Containers":-1,"Created":1751622200,"Id":"sha256:70d7142c8c3f471837cebc0496971a030c00e08fe9e3b50344a10cd2aa7bedca","Labels":null,"ParentId":"","RepoDigests":null,"RepoTags":["rms-mdm-adapter-migrations:latest"],"SharedSize":-1,"Size":410467626,"VirtualSize":410467626},{"Containers":-1,"Created":1750940759,"Id":"sha256:908bcd07d5aa2eb2d34c5f35fcdc3c79fd2786102d603477eab9da9db59bd93a","Labels":null,"ParentId":"","RepoDigests":["<none>@<none>"],"RepoTags":["<none>:<none>"],"SharedSize":-1,"Size":410473835,"VirtualSize":410473835},{"Containers":-1,"Created":1750940722,"Id":"sha256:b924fcc1644f53808c230579ee072f9ccc249c876bcb09fa1952a8e19db30e85","Labels":null,"ParentId":"","RepoDigests":["<none>@<none>"],"RepoTags":["<none>:<none>"],"SharedSize":-1,"Size":410473862,"VirtualSize":410473862},{"Containers":-1,"Created":1750940654,"Id":"sha256:73df11cb741827fa8cd4b48b40074e87a6766f15e3f03c58bcde0309bfb62cfc","Labels":null,"ParentId":"","RepoDigests":["<none>@<none>"],"RepoTags":["<none>:<none>"],"SharedSize":-1,"Size":410473862,"VirtualSize":410473862},{"Containers":-1,"Created":1750940576,"Id":"sha256:2e662f314527e238b0a00ef4907ec7f6206791dad85dd46d056e96fb91f1a672","Labels":null,"ParentId":"","RepoDigests":["<none>@<none>"],"RepoTags":["<none>:<none>"],"SharedSize":-1,"Size":410472863,"VirtualSize":410472863},{"Containers":-1,"Created":1750883707,"Id":"sha256:504fc43489ec96ef803fe35ede8e68b13bfd2b6d5d4dbf43e6dd429f3282fcbd","Labels":null,"ParentId":"","RepoDigests":["<none>@<none>"],"RepoTags":["<none>:<none>"],"SharedSize":-1,"Size":410472792,"VirtualSize":410472792},{"Containers":-1,"Created":1750880162,"Id":"sha256:6c6512c5b3f0ed57689348bbc2c8ea0e2979b310e1101d25e5860817c4bfc00e","Labels":null,"ParentId":"","RepoDigests":["<none>@<none>"],"RepoTags":["<none>:<none>"],"SharedSize":-1,"Size":410473911,"VirtualSize":410473911},{"Containers":-1,"Created":1750772143,"Id":"sha256:6eb036b63a06d14464c3588252284a84ed796ab52b85e1c6a20a08c17c0353be","Labels":null,"ParentId":"","RepoDigests":["<none>@<none>"],"RepoTags":["<none>:<none>"],"SharedSize":-1,"Size":410473800,"VirtualSize":410473800},{"Containers":-1,"Created":1750772100,"Id":"sha256:6dbd2fab6e103b24a5a89f6867a9313e4370732f3e15d6c3d0a1eb5210c5dc69","Labels":null,"ParentId":"","RepoDigests":["<none>@<none>"],"RepoTags":["<none>:<none>"],"SharedSize":-1,"Size":410473768,"VirtualSize":410473768},{"Containers":-1,"Created":1750772049,"Id":"sha256:5c5a905e7f168ccddfd513b6cfef52496221a6f936b5129c7d09e032da8bd2b9","Labels":null,"ParentId":"","RepoDigests":["<none>@<none>"],"RepoTags":["<none>:<none>"],"SharedSize":-1,"Size":410473791,"VirtualSize":410473791},{"Containers":-1,"Created":1750772002,"Id":"sha256:b791ffb8677e263f3395637d5790638bf4f8ae71d0057c6a5c1ffb1a5184c179","Labels":null,"ParentId":"","RepoDigests":["<none>@<none>"],"RepoTags":["<none>:<none>"],"SharedSize":-1,"Size":410473901,"VirtualSize":410473901},{"Containers":-1,"Created":1750771952,"Id":"sha256:8aea669de3095b16bdc8ba5bb359b639616615197f45fd72b92e0f62cfa99cad","Labels":null,"ParentId":"","RepoDigests":["<none>@<none>"],"RepoTags":["<none>:<none>"],"SharedSize":-1,"Size":410473897,"VirtualSize":410473897},{"Containers":-1,"Created":1750771051,"Id":"sha256:003427760cbaade576841d474f46af0a62852232bbba380540f7b5569a46868a","Labels":null,"ParentId":"","RepoDigests":["<none>@<none>"],"RepoTags":["<none>:<none>"],"SharedSize":-1,"Size":410472801,"VirtualSize":410472801},{"Containers":-1,"Created":1750690978,"Id":"sha256:aa12cb36ccdce85b936f567747b2bc5aefb0d4c1b96cb1b2d571384d280df550","Labels":null,"ParentId":"","RepoDigests":["<none>@<none>"],"RepoTags":["<none>:<none>"],"SharedSize":-1,"Size":410472730,"VirtualSize":410472730},{"Containers":-1,"Created":1750687605,"Id":"sha256:92afb469ced47e0e6f19164c02be25cd580ebd1b75cd1fcc3b3486776067b4af","Labels":null,"ParentId":"","RepoDigests":["<none>@<none>"],"RepoTags":["<none>:<none>"],"SharedSize":-1,"Size":410472496,"VirtualSize":410472496},{"Containers":-1,"Created":1750683992,"Id":"sha256:3383dc267e890135faa0c05444e482dc143c6a5bb8772e760c78edaec35e91a4","Labels":null,"ParentId":"","RepoDigests":["<none>@<none>"],"RepoTags":["<none>:<none>"],"SharedSize":-1,"Size":410472556,"VirtualSize":410472556},{"Containers":-1,"Created":1750344869,"Id":"sha256:7fddba1d41c4cb90e960d5af921fffaa36f66725d7173ec954472ee6b1f6339d","Labels":null,"ParentId":"","RepoDigests":["<none>@<none>"],"RepoTags":["<none>:<none>"],"SharedSize":-1,"Size":410473394,"VirtualSize":410473394},{"Containers":-1,"Created":1750181873,"Id":"sha256:0aa91bf27e5df0b05f654f6da89649eb8b106589b0655fd448ee1e97fec1c39e","Labels":null,"ParentId":"","RepoDigests":["<none>@<none>"],"RepoTags":["<none>:<none>"],"SharedSize":-1,"Size":410472264,"VirtualSize":410472264},{"Containers":-1,"Created":1750076574,"Id":"sha256:2307c13b959636f006ab7515f54da083956a6fdc92c8c4b2c09d1c451df14ca2","Labels":null,"ParentId":"","RepoDigests":["<none>@<none>"],"RepoTags":["<none>:<none>"],"SharedSize":-1,"Size":410472287,"VirtualSize":410472287},{"Containers":-1,"Created":1749477478,"Id":"sha256:a073452a794ca516793c209c7e9fc450fa9c4ca3e87f9bd3b675ef3e3593980d","Labels":null,"ParentId":"","RepoDigests":["<none>@<none>"],"RepoTags":["<none>:<none>"],"SharedSize":-1,"Size":410471794,"VirtualSize":410471794},{"Containers":-1,"Created":1749474804,"Id":"sha256:90055a5c0d0900837c5bb7cdf853a8f17dd50ae44827f6c29602a7881e064594","Labels":null,"ParentId":"","RepoDigests":["<none>@<none>"],"RepoTags":["<none>:<none>"],"SharedSize":-1,"Size":410471659,"VirtualSize":410471659},{"Containers":-1,"Created":1749474705,"Id":"sha256:249b2b8364902e11c468169c5641ff06eda66ea76f9436ebbacb570e9eac7edb","Labels":null,"ParentId":"","RepoDigests":["<none>@<none>"],"RepoTags":["<none>:<none>"],"SharedSize":-1,"Size":410471659,"VirtualSize":410471659},{"Containers":-1,"Created":1749208935,"Id":"sha256:eaf3f54785625c98394b1d0e22f871db1d302ebf93777aa2b47485df2c1d14c3","Labels":null,"ParentId":"","RepoDigests":null,"RepoTags":["mdm-rms-service:latest","rms-service:latest"],"SharedSize":-1,"Size":410470851,"VirtualSize":410470851},{"Containers":-1,"Created":1748518723,"Id":"sha256:41bcd9452f2fcc8c6df3ebe36463c29ce51915d05327d154fc9509bcb2dab5bb","Labels":null,"ParentId":"","RepoDigests":["<none>@<none>"],"RepoTags":["<none>:<none>"],"SharedSize":-1,"Size":410470905,"VirtualSize":410470905},{"Containers":-1,"Created":1748507293,"Id":"sha256:702e67f7dbe4a424ede42a0c26c9ab7fcec35106a086d38dd70d58c94f756ccd","Labels":null,"ParentId":"","RepoDigests":null,"RepoTags":["mdm-application-migrations:latest"],"SharedSize":-1,"Size":410470914,"VirtualSize":410470914},{"Containers":-1,"Created":1747825265,"Id":"sha256:c78fcd453f25d1b96bffac7c3f26514fb8d7b1fe5b690669f03196d527f83a7d","Labels":null,"ParentId":"","RepoDigests":["<none>@<none>"],"RepoTags":["<none>:<none>"],"SharedSize":-1,"Size":410469268,"VirtualSize":410469268},{"Containers":-1,"Created":1747391400,"Id":"sha256:f7021093f0ddfad9f50cc47eb41a60b74056837782c5986968b0ed43b5955ebb","Labels":null,"ParentId":"","RepoDigests":["<none>@<none>"],"
14:58:41.857 [Test worker] DEBUG com.github.dockerjava.zerodep.shaded.org.apache.hc.client5.http.wire -- http-outgoing-0 << ""RepoTags":["<none>:<none>"],"SharedSize":-1,"Size":410470914,"VirtualSize":410470914},{"Containers":-1,"Created":1745839696,"Id":"sha256:761ca5c58b65bb5fd431abad2e8af31ccd0ab06784c8d59f49832a1ae2740201","Labels":null,"ParentId":"","RepoDigests":["dpage/pgadmin4@sha256:bd71932cb1ef94719e783f0eed42c227bc67877a7c7e076c7092738711e5f4d4"],"RepoTags":["dpage/pgadmin4:latest"],"SharedSize":-1,"Size":524495888,"VirtualSize":524495888},{"Containers":-1,"Created":1738630544,"Id":"sha256:ec87da006353fd32e6313280728f67668827de4738defd21beac63052f56c148","Labels":null,"ParentId":"","RepoDigests":["postgres@sha256:d609c3005478af92bddad773423df829b7402ea0b356d5b72edd2fd54d1ad3ea"],"RepoTags":["postgres:15.10"],"SharedSize":-1,"Size":425809839,"VirtualSize":425809839},{"Containers":-1,"Created":1734001847,"Id":"sha256:d8fa92ef30d3d7d1f7a1699d145d6002c38860f48d71a8ae645373e9d2245e8d","Labels":{"architecture":"x86_64","build-date":"2024-10-30T23:56:36","com.redhat.component":"ubi8-minimal-container","com.redhat.license_terms":"https://www.redhat.com/en/about/red-hat-end-user-license-agreements#UBI","description":"Common base image for Confluent's Docker images.","distribution-scope":"public","io.buildah.version":"1.33.8","io.confluent.docker":"true","io.confluent.docker.build.number":"349ed81f","io.confluent.docker.git.id":"6d97843","io.confluent.docker.git.repo":"confluentinc/kafka-images","io.k8s.description":"The Universal Base Image Minimal is a stripped down image that uses microdnf as a package manager. This base image is freely redistributable, but Red Hat only supports Red Hat technologies through subscriptions for Red Hat products. This image is maintained by Red Hat and updated regularly.","io.k8s.display-name":"Red Hat Universal Base Image 8 Minimal","io.openshift.expose-services":"","io.openshift.tags":"minimal rhel8","maintainer":"partner-support@confluent.io","name":"cp-kafka","release":"7.8.0-83","summary":"Confluent platform Kafka.","url":"https://access.redhat.com/containers/#/registry.access.redhat.com/ubi8-minimal/images/8.10-1130","vcs-ref":"4f8da2b64a13f2a264bd802d8909bf803211fb20","vcs-type":"git","vendor":"Confluent","version":"6d97843"},"ParentId":"","RepoDigests":["confluentinc/cp-kafka@sha256:adc392d28a1e99e8c9a1ec7f087e9e91041837b35b8b7cc8b8a691b82dd581b0"],"RepoTags":["confluentinc/cp-kafka:7.8.0"],"S
[...]
14:58:46.317 [Test worker] DEBUG com.github.dockerjava.zerodep.shaded.org.apache.hc.client5.http.wire -- http-outgoing-2 >> "[\r][\n]"
14:58:46.328 [Test worker] DEBUG com.github.dockerjava.zerodep.shaded.org.apache.hc.client5.http.wire -- http-outgoing-2 << "HTTP/1.1 200 OK[\r][\n]"
14:58:46.328 [Test worker] DEBUG com.github.dockerjava.zerodep.shaded.org.apache.hc.client5.http.wire -- http-outgoing-2 << "Api-Version: 1.51[\r][\n]"
14:58:46.328 [Test worker] DEBUG com.github.dockerjava.zerodep.shaded.org.apache.hc.client5.http.wire -- http-outgoing-2 << "Content-Type: application/json[\r][\n]"
14:58:46.328 [Test worker] DEBUG com.github.dockerjava.zerodep.shaded.org.apache.hc.client5.http.wire -- http-outgoing-2 << "Docker-Experimental: false[\r][\n]"
14:58:46.328 [Test worker] DEBUG com.github.dockerjava.zerodep.shaded.org.apache.hc.client5.http.wire -- http-outgoing-2 << "Ostype: linux[\r][\n]"
14:58:46.328 [Test worker] DEBUG com.github.dockerjava.zerodep.shaded.org.apache.hc.client5.http.wire -- http-outgoing-2 << "Server: Docker/28.4.0 (linux)[\r][\n]"
14:58:46.328 [Test worker] DEBUG com.github.dockerjava.zerodep.shaded.org.apache.hc.client5.http.wire -- http-outgoing-2 << "Date: Wed, 12 Nov 2025 11:58:46 GMT[\r][\n]"
14:58:46.328 [Test worker] DEBUG com.github.dockerjava.zerodep.shaded.org.apache.hc.client5.http.wire -- http-outgoing-2 << "Transfer-Encoding: chunked[\r][\n]"
14:58:46.328 [Test worker] DEBUG com.github.dockerjava.zerodep.shaded.org.apache.hc.client5.http.wire -- http-outgoing-2 << "[\r][\n]"
14:58:46.328 [Test worker] DEBUG com.github.dockerjava.zerodep.shaded.org.apache.hc.client5.http.wire -- http-outgoing-2 << "18fd[\r][\n]"
14:58:46.329 [Test worker] DEBUG com.github.dockerjava.zerodep.shaded.org.apache.hc.client5.http.wire -- http-outgoing-2 << "{"Id":"1f253f542f193099852d77d8e3d1bf76a96dfdbd66250db95ec26fdfff1a24b8","Created":"2025-11-12T11:58:42.432690716Z","Path":"docker-entrypoint.sh","Args":["postgres","-c","fsync=off"],"State":{"Status":"exited","Running":false,"Paused":false,"Restarting":false,"OOMKilled":false,"Dead":false,"Pid":0,"ExitCode":137,"Error":"","StartedAt":"2025-11-12T11:58:42.562524775Z","FinishedAt":"2025-11-12T11:58:46.111217518Z"},"Image":"sha256:bf700010ce28b2744ed00ca6105951604c68db0a28105cf2da2956b89c2560e8","ResolvConfPath":"/var/lib/docker/containers/1f253f542f193099852d77d8e3d1bf76a96dfdbd66250db95ec26fdfff1a24b8/resolv.conf","HostnamePath":"/var/lib/docker/containers/1f253f542f193099852d77d8e3d1bf76a96dfdbd66250db95ec26fdfff1a24b8/hostname","HostsPath":"/var/lib/docker/containers/1f253f542f193099852d77d8e3d1bf76a96dfdbd66250db95ec26fdfff1a24b8/hosts","LogPath":"/var/lib/docker/containers/1f253f542f193099852d77d8e3d1bf76a96dfdbd66250db95ec26fdfff1a24b8/1f253f542f193099852d77d8e3d1bf76a96dfdbd66250db95ec26fdfff1a24b8-json.log","Name":"/admiring_euclid","RestartCount":0,"Driver":"overlay2","Platform":"linux","MountLabel":"","ProcessLabel":"","AppArmorProfile":"docker-default","ExecIDs":null,"HostConfig":{"Binds":[],"ContainerIDFile":"","LogConfig":{"Type":"json-file","Config":{}},"NetworkMode":"bridge","PortBindings":{"5432/tcp":[{"HostIp":"","HostPort":""}]},"RestartPolicy":{"Name":"no","MaximumRetryCount":0},"AutoRemove":false,"VolumeDriver":"","VolumesFrom":[],"ConsoleSize":[0,0],"CapAdd":null,"CapDrop":null,"CgroupnsMode":"private","Dns":null,"DnsOptions":null,"DnsSearch":null,"ExtraHosts":[],"GroupAdd":null,"IpcMode":"shareable","Cgroup":"","Links":null,"OomScoreAdj":0,"PidMode":"","Privileged":false,"PublishAllPorts":false,"ReadonlyRootfs":false,"SecurityOpt":null,"UTSMode":"","UsernsMode":"","ShmSize":67108864,"Runtime":"runc","Isolation":"","CpuShares":0,"Memory":0,"NanoCpus":0,"CgroupParent":"","BlkioWeight":0,"BlkioWeightDevice":null,"BlkioDeviceReadBps":null,"BlkioDeviceWriteBps":null,"BlkioDeviceReadIOps":null,"BlkioDeviceWriteIOps":null,"CpuPeriod":0,"CpuQuota":0,"CpuRealtimePeriod":0,"CpuRealtimeRuntime":0,"CpusetCpus":"","CpusetMems":"","Devices":null,"DeviceCgroupRules":null,"DeviceRequests":null,"MemoryReservation":0,"MemorySwap":0,"MemorySwappiness":null,"OomKillDisable":null,"PidsLimit":null,"Ulimits":null,"CpuCount":0,"CpuPercent":0,"IOMaximumIOps":0,"IOMaximumBandwidth":0,"MaskedPaths":["/proc/asound","/proc/acpi","/proc/interrupts","/proc/kcore","/proc/keys","/proc/latency_stats","/proc/timer_list","/proc/timer_stats","/proc/sched_debug","/proc/scsi","/sys/firmware","/sys/devices/virtual/powercap"],"ReadonlyPaths":["/proc/bus","/proc/fs","/proc/irq","/proc/sys","/proc/sysrq-trigger"]},"GraphDriver":{"Data":{"ID":"1f253f542f193099852d77d8e3d1bf76a96dfdbd66250db95ec26fdfff1a24b8","LowerDir":"/var/lib/docker/overlay2/647b32b1bf1ee9e5ef76f236c1847ef9061dd2f2b342617da911a4c75d5d26ec-init/diff:/var/lib/docker/overlay2/d370b2df6e769fa37b81d27505fa021db4804a6cd3c0ada3aa800041390b5726/diff:/var/lib/docker/overlay2/c19ed247580215b2a4870f13b53d34a9a8121e4a387fb3efa9538705e30e4b31/diff:/var/lib/docker/overlay2/44959d6dd0bf2174128d3377d65c7b5d03568e0ae63e6f842bdb81f2ff33aee1/diff:/var/lib/docker/overlay2/6fc0a94a3062111774100143d03f039826eb13355de2eb0e34f52ac50473c68e/diff:/var/lib/docker/overlay2/2af29af553829ac3e64b0116c2ed0735a6e5b4dcb95f1f2d9374968317e50a33/diff:/var/lib/docker/overlay2/b101bd935f0a093cec7ff696edf2aaa783b1c56c28a347ac0e645f00b462b8a8/diff:/var/lib/docker/overlay2/93144a1f96478fae2b92143e344ea73bdffafea0b5ea3f51630b281c047a797a/diff:/var/lib/docker/overlay2/203267e4c23759bc6a2d3ca9c50639825c02d0c81551a954e796f09e0b64933c/diff:/var/lib/docker/overlay2/3707406e2eb0a552302bff6e2979217b3e3547d726a93df1159bad6603733c27/diff:/var/lib/docker/overlay2/90133e947652f7baae5d03c82b9a0c121e8696675b18701efe90525b91e018f8/diff:/var/lib/docker/overlay2/288b4083c5b85dbdec6e64ce7d0525e725065cfd57e68b5dbabf43950ed00447/diff:/var/lib/docker/overlay2/f6eb5d9812542ac6b17e5a0c368612c992c0783710625db6fe146757cc5d6bb8/diff:/var/lib/docker/overlay2/91d8a1344acfc490beafada611833769aacf016f4ead802f23897b83a9f7a423/diff","MergedDir":"/var/lib/docker/overlay2/647b32b1bf1ee9e5ef76f236c1847ef9061dd2f2b342617da911a4c75d5d26ec/merged","UpperDir":"/var/lib/docker/overlay2/647b32b1bf1ee9e5ef76f236c1847ef9061dd2f2b342617da911a4c75d5d26ec/diff","WorkDir":"/var/lib/docker/overlay2/647b32b1bf1ee9e5ef76f236c1847ef9061dd2f2b342617da911a4c75d5d26ec/work"},"Name":"overlay2"},"Mounts":[{"Type":"volume","Name":"8b202d805156485657656546d9b1209fbc1abaa67fc139011895d5227c4901b6","Source":"/var/lib/docker/volumes/8b202d805156485657656546d9b1209fbc1abaa67fc139011895d5227c4901b6/_data","Destination":"/var/lib/postgresql/data","Driver":"local","Mode":"","RW":true,"Propagation":""}],"Config":{"Hostname":"1f253f542f19","Domainname":"","User":"","AttachStdin":false,"AttachStdout":false,"AttachStderr":false,"ExposedPorts":{"5432/tcp":{}},"Tty":false,"OpenStdin":false,"StdinOnce":false,"Env":["POSTGRES_USER=postgres","POSTGRES_PASSWORD=postgres","POSTGRES_DB=books-authors","PATH=/usr/local/sbin:/usr/local/bin:/usr/sbin:/usr/bin:/sbin:/bin:/usr/lib/postgresql/15/bin","GOSU_VERSION=1.16","LANG=en_US.utf8","PG_MAJOR=15","PG_VERSION=15.2-1.pgdg110+1","PGDATA=/var/lib/postgresql/data"],"Cmd":["postgres","-c","fsync=off"],"Image":"postgres:15.2","Volumes":{"/var/lib/postgresql/data":{}},"WorkingDir":"","Entrypoint":["docker-entrypoint.sh"],"OnBuild":null,"Labels":{"org.testcontainers":"true","org.testcontainers.lang":"java","org.testcontainers.sessionId":"9303d96d-ba46-4a86-918d-ea37ab3f1b6e","org.testcontainers.version":"1.20.6"},"StopSignal":"SIGINT"},"NetworkSettings":{"Bridge":"","SandboxID":"","SandboxKey":"","Ports":{},"HairpinMode":false,"LinkLocalIPv6Address":"","LinkLocalIPv6PrefixLen":0,"SecondaryIPAddresses":null,"SecondaryIPv6Addresses":null,"EndpointID":"","Gateway":"","GlobalIPv6Address":"","GlobalIPv6PrefixLen":0,"IPAddress":"","IPPrefixLen":0,"IPv6Gateway":"","MacAddress":"","Networks":{"bridge":{"IPAMConfig":null,"Links":null,"Aliases":null,"MacAddress":"","DriverOpts":null,"GwPriority":0,"NetworkID":"a9550e5edc7001250df9372f43f3513239ff69d8219206a99187803ea03b1f19","EndpointID":"","Gateway":"","IPAddress":"","IPPrefixLen":0,"IPv6Gateway":"","GlobalIPv6Address":"","GlobalIPv6PrefixLen":0,"DNSNames":null}}}}[\n]"
14:58:46.329 [Test worker] DEBUG com.github.dockerjava.zerodep.shaded.org.apache.hc.client5.http.wire -- http-outgoing-2 << "[\r][\n]"
14:58:46.329 [Test worker] DEBUG com.github.dockerjava.zerodep.shaded.org.apache.hc.client5.http.wire -- http-outgoing-2 << "0[\r][\n]"
14:58:46.329 [Test worker] DEBUG com.github.dockerjava.zerodep.shaded.org.apache.hc.client5.http.wire -- http-outgoing-2 << "[\r][\n]"
14:58:46.329 [Test worker] DEBUG com.github.dockerjava.zerodep.shaded.org.apache.hc.client5.http.headers -- http-outgoing-2 << HTTP/1.1 200 OK
14:58:46.329 [Test worker] DEBUG com.github.dockerjava.zerodep.shaded.org.apache.hc.client5.http.headers -- http-outgoing-2 << Api-Version: 1.51
14:58:46.329 [Test worker] DEBUG com.github.dockerjava.zerodep.shaded.org.apache.hc.client5.http.headers -- http-outgoing-2 << Content-Type: application/json
14:58:46.329 [Test worker] DEBUG com.github.dockerjava.zerodep.shaded.org.apache.hc.client5.http.headers -- http-outgoing-2 << Docker-Experimental: false
14:58:46.329 [Test worker] DEBUG com.github.dockerjava.zerodep.shaded.org.apache.hc.client5.http.headers -- http-outgoing-2 << Ostype: linux
14:58:46.329 [Test worker] DEBUG com.github.dockerjava.zerodep.shaded.org.apache.hc.client5.http.headers -- http-outgoing-2 << Server: Docker/28.4.0 (linux)
14:58:46.329 [Test worker] DEBUG com.github.dockerjava.zerodep.shaded.org.apache.hc.client5.http.headers -- http-outgoing-2 << Date: Wed, 12 Nov 2025 11:58:46 GMT
14:58:46.329 [Test worker] DEBUG com.github.dockerjava.zerodep.shaded.org.apache.hc.client5.http.headers -- http-outgoing-2 << Transfer-Encoding: chunked
14:58:46.329 [Test worker] DEBUG com.github.dockerjava.zerodep.shaded.org.apache.hc.client5.http.impl.classic.MainClientExec -- ex-00000013: connection can be kept alive for 3 MINUTES
14:58:46.330 [Test worker] DEBUG com.github.dockerjava.zerodep.shaded.org.apache.hc.client5.http.impl.classic.InternalHttpClient -- ep-00000012: releasing valid endpoint
14:58:46.331 [Test worker] DEBUG com.github.dockerjava.zerodep.shaded.org.apache.hc.client5.http.impl.io.PoolingHttpClientConnectionManager -- ep-00000012: releasing endpoint
14:58:46.331 [Test worker] DEBUG com.github.dockerjava.zerodep.shaded.org.apache.hc.client5.http.impl.io.PoolingHttpClientConnectionManager -- ep-00000012: connection http-outgoing-2 can be kept alive for 3 MINUTES
14:58:46.331 [Test worker] DEBUG com.github.dockerjava.zerodep.shaded.org.apache.hc.client5.http.impl.io.PoolingHttpClientConnectionManager -- ep-00000012: connection released [route: {}->unix://localhost:2375][total available: 1; route allocated: 1 of 2147483647; total allocated: 1 of 2147483647]
14:58:46.332 [Test worker] DEBUG org.testcontainers.shaded.com.github.dockerjava.core.command.AbstrDockerCmd -- Cmd: 1f253f542f193099852d77d8e3d1bf76a96dfdbd66250db95ec26fdfff1a24b8,true,true
14:58:46.333 [Test worker] DEBUG com.github.dockerjava.zerodep.shaded.org.apache.hc.client5.http.impl.classic.InternalHttpClient -- ex-00000014: preparing request execution
14:58:46.333 [Test worker] DEBUG com.github.dockerjava.zerodep.shaded.org.apache.hc.client5.http.protocol.RequestAddCookies -- Cookie spec selected: strict
14:58:46.333 [Test worker] DEBUG com.github.dockerjava.zerodep.shaded.org.apache.hc.client5.http.protocol.RequestAuthCache -- Auth cache not set in the context
14:58:46.333 [Test worker] DEBUG com.github.dockerjava.zerodep.shaded.org.apache.hc.client5.http.impl.classic.ProtocolExec -- ex-00000014: target auth state: UNCHALLENGED
14:58:46.333 [Test worker] DEBUG com.github.dockerjava.zerodep.shaded.org.apache.hc.client5.http.impl.classic.ProtocolExec -- ex-00000014: proxy auth state: UNCHALLENGED
14:58:46.333 [Test worker] DEBUG com.github.dockerjava.zerodep.shaded.org.apache.hc.client5.http.impl.classic.ConnectExec -- ex-00000014: acquiring connection with route {}->unix://localhost:2375
14:58:46.333 [Test worker] DEBUG com.github.dockerjava.zerodep.shaded.org.apache.hc.client5.http.impl.classic.InternalHttpClient -- ex-00000014: acquiring endpoint (3 MINUTES)
14:58:46.333 [Test worker] DEBUG com.github.dockerjava.zerodep.shaded.org.apache.hc.client5.http.impl.io.PoolingHttpClientConnectionManager -- ex-00000014: endpoint lease request (3 MINUTES) [route: {}->unix://localhost:2375][total available: 1; route allocated: 1 of 2147483647; total allocated: 1 of 2147483647]
14:58:46.333 [Test worker] DEBUG com.github.dockerjava.zerodep.shaded.org.apache.hc.client5.http.impl.io.PoolingHttpClientConnectionManager -- ex-00000014: endpoint leased [route: {}->unix://localhost:2375][total available: 0; route allocated: 1 of 2147483647; total allocated: 1 of 2147483647]
14:58:46.333 [Test worker] DEBUG com.github.dockerjava.zerodep.shaded.org.apache.hc.client5.http.impl.io.PoolingHttpClientConnectionManager -- ex-00000014: acquired ep-00000013
14:58:46.333 [Test worker] DEBUG com.github.dockerjava.zerodep.shaded.org.apache.hc.client5.http.impl.classic.InternalHttpClient -- ex-00000014: acquired endpoint ep-00000013
14:58:46.333 [Test worker] DEBUG com.github.dockerjava.zerodep.shaded.org.apache.hc.client5.http.impl.classic.MainClientExec -- ex-00000014: executing DELETE /v1.32/containers/1f253f542f193099852d77d8e3d1bf76a96dfdbd66250db95ec26fdfff1a24b8?v=true&force=true HTTP/1.1
14:58:46.333 [Test worker] DEBUG com.github.dockerjava.zerodep.shaded.org.apache.hc.client5.http.impl.classic.InternalHttpClient -- ep-00000013: start execution ex-00000014
14:58:46.333 [Test worker] DEBUG com.github.dockerjava.zerodep.shaded.org.apache.hc.client5.http.impl.io.PoolingHttpClientConnectionManager -- ep-00000013: executing exchange ex-00000014 over http-outgoing-2
14:58:46.334 [Test worker] DEBUG com.github.dockerjava.zerodep.shaded.org.apache.hc.client5.http.headers -- http-outgoing-2 >> DELETE /v1.32/containers/1f253f542f193099852d77d8e3d1bf76a96dfdbd66250db95ec26fdfff1a24b8?v=true&force=true HTTP/1.1
14:58:46.334 [Test worker] DEBUG com.github.dockerjava.zerodep.shaded.org.apache.hc.client5.http.headers -- http-outgoing-2 >> accept: application/json
14:58:46.334 [Test worker] DEBUG com.github.dockerjava.zerodep.shaded.org.apache.hc.client5.http.headers -- http-outgoing-2 >> x-tc-sid: 9303d96d-ba46-4a86-918d-ea37ab3f1b6e
14:58:46.334 [Test worker] DEBUG com.github.dockerjava.zerodep.shaded.org.apache.hc.client5.http.headers -- http-outgoing-2 >> User-Agent: tc-java/1.20.6
14:58:46.334 [Test worker] DEBUG com.github.dockerjava.zerodep.shaded.org.apache.hc.client5.http.headers -- http-outgoing-2 >> Accept-Encoding: gzip, x-gzip, deflate
14:58:46.334 [Test worker] DEBUG com.github.dockerjava.zerodep.shaded.org.apache.hc.client5.http.headers -- http-outgoing-2 >> Host: localhost:2375
14:58:46.334 [Test worker] DEBUG com.github.dockerjava.zerodep.shaded.org.apache.hc.client5.http.headers -- http-outgoing-2 >> Connection: keep-alive
14:58:46.334 [Test worker] DEBUG com.github.dockerjava.zerodep.shaded.org.apache.hc.client5.http.wire -- http-outgoing-2 >> "DELETE /v1.32/containers/1f253f542f193099852d77d8e3d1bf76a96dfdbd66250db95ec26fdfff1a24b8?v=true&force=true HTTP/1.1[\r][\n]"
14:58:46.334 [Test worker] DEBUG com.github.dockerjava.zerodep.shaded.org.apache.hc.client5.http.wire -- http-outgoing-2 >> "accept: application/json[\r][\n]"
14:58:46.334 [Test worker] DEBUG com.github.dockerjava.zerodep.shaded.org.apache.hc.client5.http.wire -- http-outgoing-2 >> "x-tc-sid: 9303d96d-ba46-4a86-918d-ea37ab3f1b6e[\r][\n]"
14:58:46.334 [Test worker] DEBUG com.github.dockerjava.zerodep.shaded.org.apache.hc.client5.http.wire -- http-outgoing-2 >> "User-Agent: tc-java/1.20.6[\r][\n]"
14:58:46.334 [Test worker] DEBUG com.github.dockerjava.zerodep.shaded.org.apache.hc.client5.http.wire -- http-outgoing-2 >> "Accept-Encoding: gzip, x-gzip, deflate[\r][\n]"
14:58:46.334 [Test worker] DEBUG com.github.dockerjava.zerodep.shaded.org.apache.hc.client5.http.wire -- http-outgoing-2 >> "Host: localhost:2375[\r][\n]"
14:58:46.334 [Test worker] DEBUG com.github.dockerjava.zerodep.shaded.org.apache.hc.client5.http.wire -- http-outgoing-2 >> "Connection: keep-alive[\r][\n]"
14:58:46.334 [Test worker] DEBUG com.github.dockerjava.zerodep.shaded.org.apache.hc.client5.http.wire -- http-outgoing-2 >> "[\r][\n]"
14:58:46.392 [Test worker] DEBUG com.github.dockerjava.zerodep.shaded.org.apache.hc.client5.http.wire -- http-outgoing-2 << "HTTP/1.1 204 No Content[\r][\n]"
14:58:46.392 [Test worker] DEBUG com.github.dockerjava.zerodep.shaded.org.apache.hc.client5.http.wire -- http-outgoing-2 << "Api-Version: 1.51[\r][\n]"
14:58:46.392 [Test worker] DEBUG com.github.dockerjava.zerodep.shaded.org.apache.hc.client5.http.wire -- http-outgoing-2 << "Docker-Experimental: false[\r][\n]"
14:58:46.392 [Test worker] DEBUG com.github.dockerjava.zerodep.shaded.org.apache.hc.client5.http.wire -- http-outgoing-2 << "Ostype: linux[\r][\n]"
14:58:46.393 [Test worker] DEBUG com.github.dockerjava.zerodep.shaded.org.apache.hc.client5.http.wire -- http-outgoing-2 << "Server: Docker/28.4.0 (linux)[\r][\n]"
14:58:46.393 [Test worker] DEBUG com.github.dockerjava.zerodep.shaded.org.apache.hc.client5.http.wire -- http-outgoing-2 << "Date: Wed, 12 Nov 2025 11:58:46 GMT[\r][\n]"
14:58:46.393 [Test worker] DEBUG com.github.dockerjava.zerodep.shaded.org.apache.hc.client5.http.wire -- http-outgoing-2 << "[\r][\n]"
14:58:46.393 [Test worker] DEBUG com.github.dockerjava.zerodep.shaded.org.apache.hc.client5.http.headers -- http-outgoing-2 << HTTP/1.1 204 No Content
14:58:46.393 [Test worker] DEBUG com.github.dockerjava.zerodep.shaded.org.apache.hc.client5.http.headers -- http-outgoing-2 << Api-Version: 1.51
14:58:46.393 [Test worker] DEBUG com.github.dockerjava.zerodep.shaded.org.apache.hc.client5.http.headers -- http-outgoing-2 << Docker-Experimental: false
14:58:46.393 [Test worker] DEBUG com.github.dockerjava.zerodep.shaded.org.apache.hc.client5.http.headers -- http-outgoing-2 << Ostype: linux
14:58:46.393 [Test worker] DEBUG com.github.dockerjava.zerodep.shaded.org.apache.hc.client5.http.headers -- http-outgoing-2 << Server: Docker/28.4.0 (linux)
14:58:46.393 [Test worker] DEBUG com.github.dockerjava.zerodep.shaded.org.apache.hc.client5.http.headers -- http-outgoing-2 << Date: Wed, 12 Nov 2025 11:58:46 GMT
14:58:46.393 [Test worker] DEBUG com.github.dockerjava.zerodep.shaded.org.apache.hc.client5.http.impl.classic.MainClientExec -- ex-00000014: connection can be kept alive for 3 MINUTES
14:58:46.393 [Test worker] DEBUG com.github.dockerjava.zerodep.shaded.org.apache.hc.client5.http.impl.classic.InternalHttpClient -- ep-00000013: releasing valid endpoint
14:58:46.393 [Test worker] DEBUG com.github.dockerjava.zerodep.shaded.org.apache.hc.client5.http.impl.io.PoolingHttpClientConnectionManager -- ep-00000013: releasing endpoint
14:58:46.393 [Test worker] DEBUG com.github.dockerjava.zerodep.shaded.org.apache.hc.client5.http.impl.io.PoolingHttpClientConnectionManager -- ep-00000013: connection http-outgoing-2 can be kept alive for 3 MINUTES
14:58:46.393 [Test worker] DEBUG com.github.dockerjava.zerodep.shaded.org.apache.hc.client5.http.impl.io.PoolingHttpClientConnectionManager -- ep-00000013: connection released [route: {}->unix://localhost:2375][total available: 1; route allocated: 1 of 2147483647; total allocated: 1 of 2147483647]
14:58:46.393 [Test worker] DEBUG org.testcontainers.utility.ResourceReaper -- Removed container and associated volume(s): postgres:15.2
]]></system-out>
  <system-err><![CDATA[нояб. 12, 2025 2:58:46 PM org.junit.jupiter.engine.descriptor.AbstractExtensionContext lambda$createCloseAction$1
WARNING: Type implements CloseableResource but not AutoCloseable: org.testcontainers.junit.jupiter.TestcontainersExtension$StoreAdapter
]]></system-err>
</testsuite>
